<?xml version="1.0" encoding="UTF-8"?>
<testsuites name="Offer Tests" time="76" tests="1" failures="1" errors="0">
   <testsuite name="Offer Tests" tests="1" failures="1" errors="0" time="76" timestamp="2018-11-20 17:48:38" hostname="Matt Martin - LAPTOP-9VMM7G2Q" id="Test Suites/Offer Tests">
      <properties>
         <property name="deviceName" value=""/>
         <property name="devicePlatform" value=""/>
         <property name="logFolder" value="C:\\Users\\Matt Martin\\Katalon Studio\\Matt Demo Tests\\Reports\\Offer Tests\\20181120_174835"/>
         <property name="logFiles" value="C:\\Users\\Matt Martin\\Katalon Studio\\Matt Demo Tests\\Reports\\Offer Tests\\20181120_174835\\execution0.log"/>
         <property name="attachments" value="C:\\Users\\Matt Martin\\Katalon Studio\\Matt Demo Tests\\Reports\\Offer Tests\\20181120_174835\\1542754193319.png"/>
         <property name="hostName" value="Matt Martin - LAPTOP-9VMM7G2Q"/>
         <property name="os" value="Windows 10 64bit"/>
         <property name="katalonVersion" value="5.8.6.1"/>
         <property name="browser" value="Chrome 70.0.3538.102"/>
         <property name="hostAddress" value="192.168.132.61"/>
         <property name="sessionId" value="4d5cd45e45c1c56b5b4c4c49e187a860"/>
         <property name="seleniumVersion" value="3.7.1"/>
         <property name="proxyInformation" value="ProxyInformation{proxyOption=NO_PROXY, proxyServerType=HTTP, password=, proxyServerAddress=, proxyServerPort=0}"/>
         <property name="platform" value="Windows 10"/>
      </properties>
      <testcase name="Test Cases/Offer ID 394 - Regression-StandardExpires" classname="Test Cases/Offer ID 394 - Regression-StandardExpires" status="PASSED">
         <system-out><![CDATA[2018-11-20 17:48:39 - [TEST_CASE][PASSED] - Test Cases/Offer ID 394 - Regression-StandardExpires: Test Cases/Offer ID 394 - Regression-StandardExpires

2018-11-20 17:48:40 - [TEST_STEP][PASSED] - openBrowser: Browser is opened with url: 'https://test-dnvb.qa1.limelightcrm.com/admin/login.php?'

2018-11-20 17:48:46 - [MESSAGE][PASSED] - Browser is opened with url: 'https://test-dnvb.qa1.limelightcrm.com/admin/login.php?'

2018-11-20 17:48:46 - [TEST_STEP][PASSED] - setText: Text 'mattauto' is set on object 'Object Repository/LL - Log In/Username Field'

2018-11-20 17:48:47 - [MESSAGE][PASSED] - Text 'mattauto' is set on object 'Object Repository/LL - Log In/Username Field'

2018-11-20 17:48:47 - [TEST_STEP][PASSED] - setText: Text 'Testing123!' is set on object 'Object Repository/LL - Log In/Password Field'

2018-11-20 17:48:48 - [MESSAGE][PASSED] - Text 'Testing123!' is set on object 'Object Repository/LL - Log In/Password Field'

2018-11-20 17:48:48 - [TEST_STEP][PASSED] - click: Object: 'Object Repository/LL - Log In/Log In Button' is clicked on

2018-11-20 17:48:57 - [MESSAGE][PASSED] - Object: 'Object Repository/LL - Log In/Log In Button' is clicked on

2018-11-20 17:48:57 - [TEST_STEP][PASSED] - waitForElementVisible: Object 'Object Repository/LL - Dashboard/Dashboard Header' is visible

2018-11-20 17:48:57 - [MESSAGE][WARNING] - Timeout '0' is invalid. Using default page load timeout: '30'

2018-11-20 17:48:58 - [MESSAGE][PASSED] - Object 'Object Repository/LL - Dashboard/Dashboard Header' is visible

2018-11-20 17:48:58 - [TEST_STEP][PASSED] - navigateToUrl: Navigate to 'https://test-dnvb.qa1.limelightcrm.com/admin/placeorder.php' successfully

2018-11-20 17:49:00 - [MESSAGE][PASSED] - Navigate to 'https://test-dnvb.qa1.limelightcrm.com/admin/placeorder.php' successfully

2018-11-20 17:49:00 - [TEST_STEP][PASSED] - selectOptionByValue: All options with value '137' are selected in object 'Object Repository/LL -Place Order Page/Campaign Select' 

2018-11-20 17:49:01 - [MESSAGE][PASSED] - All options with value '137' are selected in object 'Object Repository/LL -Place Order Page/Campaign Select' 

2018-11-20 17:49:01 - [TEST_STEP][PASSED] - selectOptionByValue: All options with value '394' are selected in object 'Object Repository/LL -Place Order Page/Offer Select' 

2018-11-20 17:49:01 - [MESSAGE][PASSED] - All options with value '394' are selected in object 'Object Repository/LL -Place Order Page/Offer Select' 

2018-11-20 17:49:01 - [TEST_STEP][PASSED] - waitForPageLoad: Wait for page load successfully

2018-11-20 17:49:01 - [MESSAGE][PASSED] - Wait for page load successfully

2018-11-20 17:49:01 - [TEST_STEP][PASSED] - click: Object: 'Object Repository/LL -Place Order Page/Trial Checkbox' is clicked on

2018-11-20 17:49:02 - [MESSAGE][PASSED] - Object: 'Object Repository/LL -Place Order Page/Trial Checkbox' is clicked on

2018-11-20 17:49:02 - [TEST_STEP][PASSED] - selectOptionByValue: All options with value '240' are selected in object 'Object Repository/LL -Place Order Page/Billing Model Select' 

2018-11-20 17:49:02 - [MESSAGE][PASSED] - All options with value '240' are selected in object 'Object Repository/LL -Place Order Page/Billing Model Select' 

2018-11-20 17:49:02 - [TEST_STEP][PASSED] - selectOptionByValue: All options with value '207' are selected in object 'Object Repository/LL -Place Order Page/Main Product Select' 

2018-11-20 17:49:03 - [MESSAGE][PASSED] - All options with value '207' are selected in object 'Object Repository/LL -Place Order Page/Main Product Select' 

2018-11-20 17:49:03 - [TEST_STEP][PASSED] - setText: Text '123456789' is set on object 'Object Repository/LL -Place Order Page/Step Number Input'

2018-11-20 17:49:03 - [MESSAGE][PASSED] - Text '123456789' is set on object 'Object Repository/LL -Place Order Page/Step Number Input'

2018-11-20 17:49:03 - [TEST_STEP][PASSED] - selectOptionByValue: All options with value '2' are selected in object 'Object Repository/LL -Place Order Page/Shipping Method Select' 

2018-11-20 17:49:03 - [MESSAGE][PASSED] - All options with value '2' are selected in object 'Object Repository/LL -Place Order Page/Shipping Method Select' 

2018-11-20 17:49:03 - [TEST_STEP][PASSED] - setText: Text 'Matt' is set on object 'Object Repository/LL -Place Order Page/Shipping First Name Input'

2018-11-20 17:49:03 - [MESSAGE][PASSED] - Text 'Matt' is set on object 'Object Repository/LL -Place Order Page/Shipping First Name Input'

2018-11-20 17:49:03 - [TEST_STEP][PASSED] - setText: Text '7.4-Test' is set on object 'Object Repository/LL -Place Order Page/Shipping Last Name Input'

2018-11-20 17:49:04 - [MESSAGE][PASSED] - Text '7.4-Test' is set on object 'Object Repository/LL -Place Order Page/Shipping Last Name Input'

2018-11-20 17:49:04 - [TEST_STEP][PASSED] - setText: Text '123 Street' is set on object 'Object Repository/LL -Place Order Page/Shipping Address Input'

2018-11-20 17:49:04 - [MESSAGE][PASSED] - Text '123 Street' is set on object 'Object Repository/LL -Place Order Page/Shipping Address Input'

2018-11-20 17:49:04 - [TEST_STEP][PASSED] - setText: Text 'APT 123' is set on object 'Object Repository/LL -Place Order Page/Shipping Address 2 Input'

2018-11-20 17:49:05 - [MESSAGE][PASSED] - Text 'APT 123' is set on object 'Object Repository/LL -Place Order Page/Shipping Address 2 Input'

2018-11-20 17:49:05 - [TEST_STEP][PASSED] - setText: Text 'Tampa' is set on object 'Object Repository/LL -Place Order Page/Shipping City Input'

2018-11-20 17:49:05 - [MESSAGE][PASSED] - Text 'Tampa' is set on object 'Object Repository/LL -Place Order Page/Shipping City Input'

2018-11-20 17:49:05 - [TEST_STEP][PASSED] - setText: Text '12345' is set on object 'Object Repository/LL -Place Order Page/Shipping Zip Code Input'

2018-11-20 17:49:06 - [MESSAGE][PASSED] - Text '12345' is set on object 'Object Repository/LL -Place Order Page/Shipping Zip Code Input'

2018-11-20 17:49:06 - [TEST_STEP][PASSED] - selectOptionByValue: All options with value '223' are selected in object 'Object Repository/LL -Place Order Page/Shipping Country Select' 

2018-11-20 17:49:06 - [MESSAGE][PASSED] - All options with value '223' are selected in object 'Object Repository/LL -Place Order Page/Shipping Country Select' 

2018-11-20 17:49:06 - [TEST_STEP][PASSED] - selectOptionByValue: All options with value 'FL' are selected in object 'Object Repository/LL -Place Order Page/Shipping State Select' 

2018-11-20 17:49:07 - [MESSAGE][PASSED] - All options with value 'FL' are selected in object 'Object Repository/LL -Place Order Page/Shipping State Select' 

2018-11-20 17:49:07 - [TEST_STEP][PASSED] - setText: Text '555-555-5555' is set on object 'Object Repository/LL -Place Order Page/Phone Input'

2018-11-20 17:49:07 - [MESSAGE][PASSED] - Text '555-555-5555' is set on object 'Object Repository/LL -Place Order Page/Phone Input'

2018-11-20 17:49:07 - [TEST_STEP][PASSED] - setText: Text 'matt@7.4Test.com' is set on object 'Object Repository/LL -Place Order Page/Email Input'

2018-11-20 17:49:08 - [MESSAGE][PASSED] - Text 'matt@7.4Test.com' is set on object 'Object Repository/LL -Place Order Page/Email Input'

2018-11-20 17:49:08 - [TEST_STEP][PASSED] - click: Object: 'Object Repository/LL -Place Order Page/Affiliate-Sub-Affiliate Checkbox' is clicked on

2018-11-20 17:49:08 - [MESSAGE][PASSED] - Object: 'Object Repository/LL -Place Order Page/Affiliate-Sub-Affiliate Checkbox' is clicked on

2018-11-20 17:49:08 - [TEST_STEP][PASSED] - setText: Text 'AFID' is set on object 'Object Repository/LL -Place Order Page/AFID Input'

2018-11-20 17:49:09 - [MESSAGE][PASSED] - Text 'AFID' is set on object 'Object Repository/LL -Place Order Page/AFID Input'

2018-11-20 17:49:09 - [TEST_STEP][PASSED] - setText: Text 'SID' is set on object 'Object Repository/LL -Place Order Page/SID Input'

2018-11-20 17:49:09 - [MESSAGE][PASSED] - Text 'SID' is set on object 'Object Repository/LL -Place Order Page/SID Input'

2018-11-20 17:49:09 - [TEST_STEP][PASSED] - selectOptionByValue: All options with value 'visa' are selected in object 'Object Repository/LL -Place Order Page/Payment Type Select' 

2018-11-20 17:49:09 - [MESSAGE][PASSED] - All options with value 'visa' are selected in object 'Object Repository/LL -Place Order Page/Payment Type Select' 

2018-11-20 17:49:09 - [TEST_STEP][PASSED] - setText: Text '5555555555555555' is set on object 'Object Repository/LL -Place Order Page/Credit Card Number Input'

2018-11-20 17:49:10 - [MESSAGE][PASSED] - Text '5555555555555555' is set on object 'Object Repository/LL -Place Order Page/Credit Card Number Input'

2018-11-20 17:49:10 - [TEST_STEP][PASSED] - selectOptionByValue: All options with value '01' are selected in object 'Object Repository/LL -Place Order Page/Expiration Date-Month Select' 

2018-11-20 17:49:10 - [MESSAGE][PASSED] - All options with value '01' are selected in object 'Object Repository/LL -Place Order Page/Expiration Date-Month Select' 

2018-11-20 17:49:10 - [TEST_STEP][PASSED] - selectOptionByValue: All options with value '30' are selected in object 'Object Repository/LL -Place Order Page/Expiration Date-Year Select' 

2018-11-20 17:49:11 - [MESSAGE][PASSED] - All options with value '30' are selected in object 'Object Repository/LL -Place Order Page/Expiration Date-Year Select' 

2018-11-20 17:49:11 - [TEST_STEP][PASSED] - setText: Text '1234' is set on object 'Object Repository/LL -Place Order Page/Security Code Input'

2018-11-20 17:49:11 - [MESSAGE][PASSED] - Text '1234' is set on object 'Object Repository/LL -Place Order Page/Security Code Input'

2018-11-20 17:49:11 - [TEST_STEP][PASSED] - click: Object: 'Object Repository/LL -Place Order Page/Process Order Button' is clicked on

2018-11-20 17:49:15 - [MESSAGE][PASSED] - Object: 'Object Repository/LL -Place Order Page/Process Order Button' is clicked on

2018-11-20 17:49:15 - [TEST_STEP][PASSED] - verifyTextPresent: Text 'Place Order 'SUCCESS'' is present on page 

2018-11-20 17:49:15 - [MESSAGE][PASSED] - Text 'Place Order 'SUCCESS'' is present on page 

2018-11-20 17:49:15 - [TEST_STEP][PASSED] - click: Object: 'Object Repository/LL -Place Order Page/Order ID Link' is clicked on

2018-11-20 17:49:17 - [MESSAGE][PASSED] - Object: 'Object Repository/LL -Place Order Page/Order ID Link' is clicked on

2018-11-20 17:49:17 - [TEST_STEP][PASSED] - waitForPageLoad: Wait for page load successfully

2018-11-20 17:49:17 - [MESSAGE][PASSED] - Wait for page load successfully

2018-11-20 17:49:17 - [TEST_STEP][PASSED] - verifyTextPresent: Text 'matt@7.4Test.com' is present on page 

2018-11-20 17:49:18 - [MESSAGE][PASSED] - Text 'matt@7.4Test.com' is present on page 

2018-11-20 17:49:18 - [TEST_STEP][PASSED] - verifyTextPresent: Text 'By Lime Light CRM API - Product 207 was purchased using offer 394, billing model 240. ' is present on page 

2018-11-20 17:49:19 - [MESSAGE][PASSED] - Text 'By Lime Light CRM API - Product 207 was purchased using offer 394, billing model 240. ' is present on page]]></system-out>
         <system-err><![CDATA[]]></system-err>
      </testcase>
      <testcase name="Test Cases/Offer ID 396 - Regression-StandardCustomRecurring" classname="Test Cases/Offer ID 396 - Regression-StandardCustomRecurring" status="FAILED">
         <failure type="FAILED" message="(Stack trace: com.kms.katalon.core.exception.StepFailedException: Unable to verify text 'By Lime Light CRM API - Product 207 was purchased using offer 396, billing model 240. ' is present  (Root cause: Text 'By Lime Light CRM API - Product 207 was purchased using offer 396, billing model 240. ' is not present on page )
	at com.kms.katalon.core.keyword.internal.KeywordMain.stepFailed(KeywordMain.groovy:36)
	at com.kms.katalon.core.webui.keyword.internal.WebUIKeywordMain.stepFailed(WebUIKeywordMain.groovy:65)
	at com.kms.katalon.core.webui.keyword.internal.WebUIKeywordMain.runKeyword(WebUIKeywordMain.groovy:27)
	at com.kms.katalon.core.webui.keyword.builtin.VerifyTextPresentKeyword.verifyTextPresent(VerifyTextPresentKeyword.groovy:83)
	at com.kms.katalon.core.webui.keyword.builtin.VerifyTextPresentKeyword.execute(VerifyTextPresentKeyword.groovy:68)
	at com.kms.katalon.core.keyword.internal.KeywordExecutor.executeKeywordForPlatform(KeywordExecutor.groovy:53)
	at com.kms.katalon.core.webui.keyword.WebUiBuiltInKeywords.verifyTextPresent(WebUiBuiltInKeywords.groovy:1693)
	at com.kms.katalon.core.webui.keyword.WebUiBuiltInKeywords$verifyTextPresent$6.call(Unknown Source)
	at org.codehaus.groovy.runtime.callsite.CallSiteArray.defaultCall(CallSiteArray.java:48)
	at org.codehaus.groovy.runtime.callsite.AbstractCallSite.call(AbstractCallSite.java:113)
	at org.codehaus.groovy.runtime.callsite.AbstractCallSite.call(AbstractCallSite.java:133)
	at Script1542752781883.run(Script1542752781883.groovy:126)
	at com.kms.katalon.core.main.ScriptEngine.run(ScriptEngine.java:183)
	at com.kms.katalon.core.main.ScriptEngine.runScriptAsRawText(ScriptEngine.java:108)
	at com.kms.katalon.core.main.TestCaseExecutor.runScript(TestCaseExecutor.java:294)
	at com.kms.katalon.core.main.TestCaseExecutor.doExecute(TestCaseExecutor.java:285)
	at com.kms.katalon.core.main.TestCaseExecutor.processExecutionPhase(TestCaseExecutor.java:264)
	at com.kms.katalon.core.main.TestCaseExecutor.accessMainPhase(TestCaseExecutor.java:256)
	at com.kms.katalon.core.main.TestCaseExecutor.execute(TestCaseExecutor.java:200)
	at com.kms.katalon.core.main.TestSuiteExecutor.accessTestCaseMainPhase(TestSuiteExecutor.java:129)
	at com.kms.katalon.core.main.TestSuiteExecutor.accessTestSuiteMainPhase(TestSuiteExecutor.java:112)
	at com.kms.katalon.core.main.TestSuiteExecutor.execute(TestSuiteExecutor.java:81)
	at com.kms.katalon.core.main.TestCaseMain.startTestSuite(TestCaseMain.java:142)
	at com.kms.katalon.core.main.TestCaseMain$startTestSuite$0.call(Unknown Source)
	at org.codehaus.groovy.runtime.callsite.CallSiteArray.defaultCall(CallSiteArray.java:48)
	at org.codehaus.groovy.runtime.callsite.AbstractCallSite.call(AbstractCallSite.java:113)
	at org.codehaus.groovy.runtime.callsite.AbstractCallSite.call(AbstractCallSite.java:141)
	at TempTestSuite1542754115121.run(TempTestSuite1542754115121.groovy:36)
	at groovy.lang.GroovyShell.runScriptOrMainOrTestOrRunnable(GroovyShell.java:263)
	at groovy.lang.GroovyShell.run(GroovyShell.java:518)
	at groovy.lang.GroovyShell.run(GroovyShell.java:507)
	at groovy.ui.GroovyMain.processOnce(GroovyMain.java:653)
	at groovy.ui.GroovyMain.run(GroovyMain.java:384)
	at groovy.ui.GroovyMain.process(GroovyMain.java:370)
	at groovy.ui.GroovyMain.processArgs(GroovyMain.java:129)
	at groovy.ui.GroovyMain.main(GroovyMain.java:109)
	at sun.reflect.NativeMethodAccessorImpl.invoke0(Native Method)
	at sun.reflect.NativeMethodAccessorImpl.invoke(NativeMethodAccessorImpl.java:62)
	at sun.reflect.DelegatingMethodAccessorImpl.invoke(DelegatingMethodAccessorImpl.java:43)
	at java.lang.reflect.Method.invoke(Method.java:498)
	at org.codehaus.groovy.tools.GroovyStarter.rootLoader(GroovyStarter.java:109)
	at org.codehaus.groovy.tools.GroovyStarter.main(GroovyStarter.java:131)
)"/>
         <system-out><![CDATA[2018-11-20 17:49:19 - [TEST_CASE][FAILED] - Test Cases/Offer ID 396 - Regression-StandardCustomRecurring: Test Cases/Offer ID 396 - Regression-StandardCustomRecurring FAILED because (of) (Stack trace: com.kms.katalon.core.exception.StepFailedException: Unable to verify text 'By Lime Light CRM API - Product 207 was purchased using offer 396, billing model 240. ' is present  (Root cause: Text 'By Lime Light CRM API - Product 207 was purchased using offer 396, billing model 240. ' is not present on page )
	at com.kms.katalon.core.keyword.internal.KeywordMain.stepFailed(KeywordMain.groovy:36)
	at com.kms.katalon.core.webui.keyword.internal.WebUIKeywordMain.stepFailed(WebUIKeywordMain.groovy:65)
	at com.kms.katalon.core.webui.keyword.internal.WebUIKeywordMain.runKeyword(WebUIKeywordMain.groovy:27)
	at com.kms.katalon.core.webui.keyword.builtin.VerifyTextPresentKeyword.verifyTextPresent(VerifyTextPresentKeyword.groovy:83)
	at com.kms.katalon.core.webui.keyword.builtin.VerifyTextPresentKeyword.execute(VerifyTextPresentKeyword.groovy:68)
	at com.kms.katalon.core.keyword.internal.KeywordExecutor.executeKeywordForPlatform(KeywordExecutor.groovy:53)
	at com.kms.katalon.core.webui.keyword.WebUiBuiltInKeywords.verifyTextPresent(WebUiBuiltInKeywords.groovy:1693)
	at com.kms.katalon.core.webui.keyword.WebUiBuiltInKeywords$verifyTextPresent$6.call(Unknown Source)
	at org.codehaus.groovy.runtime.callsite.CallSiteArray.defaultCall(CallSiteArray.java:48)
	at org.codehaus.groovy.runtime.callsite.AbstractCallSite.call(AbstractCallSite.java:113)
	at org.codehaus.groovy.runtime.callsite.AbstractCallSite.call(AbstractCallSite.java:133)
	at Script1542752781883.run(Script1542752781883.groovy:126)
	at com.kms.katalon.core.main.ScriptEngine.run(ScriptEngine.java:183)
	at com.kms.katalon.core.main.ScriptEngine.runScriptAsRawText(ScriptEngine.java:108)
	at com.kms.katalon.core.main.TestCaseExecutor.runScript(TestCaseExecutor.java:294)
	at com.kms.katalon.core.main.TestCaseExecutor.doExecute(TestCaseExecutor.java:285)
	at com.kms.katalon.core.main.TestCaseExecutor.processExecutionPhase(TestCaseExecutor.java:264)
	at com.kms.katalon.core.main.TestCaseExecutor.accessMainPhase(TestCaseExecutor.java:256)
	at com.kms.katalon.core.main.TestCaseExecutor.execute(TestCaseExecutor.java:200)
	at com.kms.katalon.core.main.TestSuiteExecutor.accessTestCaseMainPhase(TestSuiteExecutor.java:129)
	at com.kms.katalon.core.main.TestSuiteExecutor.accessTestSuiteMainPhase(TestSuiteExecutor.java:112)
	at com.kms.katalon.core.main.TestSuiteExecutor.execute(TestSuiteExecutor.java:81)
	at com.kms.katalon.core.main.TestCaseMain.startTestSuite(TestCaseMain.java:142)
	at com.kms.katalon.core.main.TestCaseMain$startTestSuite$0.call(Unknown Source)
	at org.codehaus.groovy.runtime.callsite.CallSiteArray.defaultCall(CallSiteArray.java:48)
	at org.codehaus.groovy.runtime.callsite.AbstractCallSite.call(AbstractCallSite.java:113)
	at org.codehaus.groovy.runtime.callsite.AbstractCallSite.call(AbstractCallSite.java:141)
	at TempTestSuite1542754115121.run(TempTestSuite1542754115121.groovy:36)
	at groovy.lang.GroovyShell.runScriptOrMainOrTestOrRunnable(GroovyShell.java:263)
	at groovy.lang.GroovyShell.run(GroovyShell.java:518)
	at groovy.lang.GroovyShell.run(GroovyShell.java:507)
	at groovy.ui.GroovyMain.processOnce(GroovyMain.java:653)
	at groovy.ui.GroovyMain.run(GroovyMain.java:384)
	at groovy.ui.GroovyMain.process(GroovyMain.java:370)
	at groovy.ui.GroovyMain.processArgs(GroovyMain.java:129)
	at groovy.ui.GroovyMain.main(GroovyMain.java:109)
	at sun.reflect.NativeMethodAccessorImpl.invoke0(Native Method)
	at sun.reflect.NativeMethodAccessorImpl.invoke(NativeMethodAccessorImpl.java:62)
	at sun.reflect.DelegatingMethodAccessorImpl.invoke(DelegatingMethodAccessorImpl.java:43)
	at java.lang.reflect.Method.invoke(Method.java:498)
	at org.codehaus.groovy.tools.GroovyStarter.rootLoader(GroovyStarter.java:109)
	at org.codehaus.groovy.tools.GroovyStarter.main(GroovyStarter.java:131)
)

2018-11-20 17:49:19 - [TEST_STEP][PASSED] - openBrowser: Browser is opened with url: 'https://test-dnvb.qa1.limelightcrm.com/admin/login.php?'

2018-11-20 17:49:19 - [MESSAGE][WARNING] - A browser is already opened. Closing browser and opening a new one

2018-11-20 17:49:24 - [MESSAGE][PASSED] - Browser is opened with url: 'https://test-dnvb.qa1.limelightcrm.com/admin/login.php?'

2018-11-20 17:49:24 - [TEST_STEP][PASSED] - setText: Text 'mattauto' is set on object 'Object Repository/LL - Log In/Username Field'

2018-11-20 17:49:25 - [MESSAGE][PASSED] - Text 'mattauto' is set on object 'Object Repository/LL - Log In/Username Field'

2018-11-20 17:49:25 - [TEST_STEP][PASSED] - setText: Text 'Testing123!' is set on object 'Object Repository/LL - Log In/Password Field'

2018-11-20 17:49:25 - [MESSAGE][PASSED] - Text 'Testing123!' is set on object 'Object Repository/LL - Log In/Password Field'

2018-11-20 17:49:25 - [TEST_STEP][PASSED] - click: Object: 'Object Repository/LL - Log In/Log In Button' is clicked on

2018-11-20 17:49:32 - [MESSAGE][PASSED] - Object: 'Object Repository/LL - Log In/Log In Button' is clicked on

2018-11-20 17:49:32 - [TEST_STEP][PASSED] - waitForElementVisible: Object 'Object Repository/LL - Dashboard/Dashboard Header' is visible

2018-11-20 17:49:32 - [MESSAGE][WARNING] - Timeout '0' is invalid. Using default page load timeout: '30'

2018-11-20 17:49:32 - [MESSAGE][PASSED] - Object 'Object Repository/LL - Dashboard/Dashboard Header' is visible

2018-11-20 17:49:32 - [TEST_STEP][PASSED] - navigateToUrl: Navigate to 'https://test-dnvb.qa1.limelightcrm.com/admin/placeorder.php' successfully

2018-11-20 17:49:33 - [MESSAGE][PASSED] - Navigate to 'https://test-dnvb.qa1.limelightcrm.com/admin/placeorder.php' successfully

2018-11-20 17:49:33 - [TEST_STEP][PASSED] - selectOptionByValue: All options with value '137' are selected in object 'Object Repository/LL -Place Order Page/Campaign Select' 

2018-11-20 17:49:35 - [MESSAGE][PASSED] - All options with value '137' are selected in object 'Object Repository/LL -Place Order Page/Campaign Select' 

2018-11-20 17:49:35 - [TEST_STEP][PASSED] - selectOptionByValue: All options with value '394' are selected in object 'Object Repository/LL -Place Order Page/Offer Select' 

2018-11-20 17:49:35 - [MESSAGE][PASSED] - All options with value '394' are selected in object 'Object Repository/LL -Place Order Page/Offer Select' 

2018-11-20 17:49:35 - [TEST_STEP][PASSED] - waitForPageLoad: Wait for page load successfully

2018-11-20 17:49:36 - [MESSAGE][PASSED] - Wait for page load successfully

2018-11-20 17:49:36 - [TEST_STEP][PASSED] - click: Object: 'Object Repository/LL -Place Order Page/Trial Checkbox' is clicked on

2018-11-20 17:49:36 - [MESSAGE][PASSED] - Object: 'Object Repository/LL -Place Order Page/Trial Checkbox' is clicked on

2018-11-20 17:49:36 - [TEST_STEP][PASSED] - selectOptionByValue: All options with value '240' are selected in object 'Object Repository/LL -Place Order Page/Billing Model Select' 

2018-11-20 17:49:37 - [MESSAGE][PASSED] - All options with value '240' are selected in object 'Object Repository/LL -Place Order Page/Billing Model Select' 

2018-11-20 17:49:37 - [TEST_STEP][PASSED] - selectOptionByValue: All options with value '207' are selected in object 'Object Repository/LL -Place Order Page/Main Product Select' 

2018-11-20 17:49:37 - [MESSAGE][PASSED] - All options with value '207' are selected in object 'Object Repository/LL -Place Order Page/Main Product Select' 

2018-11-20 17:49:37 - [TEST_STEP][PASSED] - setText: Text '123456789' is set on object 'Object Repository/LL -Place Order Page/Step Number Input'

2018-11-20 17:49:38 - [MESSAGE][PASSED] - Text '123456789' is set on object 'Object Repository/LL -Place Order Page/Step Number Input'

2018-11-20 17:49:38 - [TEST_STEP][PASSED] - selectOptionByValue: All options with value '2' are selected in object 'Object Repository/LL -Place Order Page/Shipping Method Select' 

2018-11-20 17:49:38 - [MESSAGE][PASSED] - All options with value '2' are selected in object 'Object Repository/LL -Place Order Page/Shipping Method Select' 

2018-11-20 17:49:38 - [TEST_STEP][PASSED] - setText: Text 'Matt' is set on object 'Object Repository/LL -Place Order Page/Shipping First Name Input'

2018-11-20 17:49:39 - [MESSAGE][PASSED] - Text 'Matt' is set on object 'Object Repository/LL -Place Order Page/Shipping First Name Input'

2018-11-20 17:49:39 - [TEST_STEP][PASSED] - setText: Text '7.4-Test' is set on object 'Object Repository/LL -Place Order Page/Shipping Last Name Input'

2018-11-20 17:49:39 - [MESSAGE][PASSED] - Text '7.4-Test' is set on object 'Object Repository/LL -Place Order Page/Shipping Last Name Input'

2018-11-20 17:49:39 - [TEST_STEP][PASSED] - setText: Text '123 Street' is set on object 'Object Repository/LL -Place Order Page/Shipping Address Input'

2018-11-20 17:49:40 - [MESSAGE][PASSED] - Text '123 Street' is set on object 'Object Repository/LL -Place Order Page/Shipping Address Input'

2018-11-20 17:49:40 - [TEST_STEP][PASSED] - setText: Text 'APT 123' is set on object 'Object Repository/LL -Place Order Page/Shipping Address 2 Input'

2018-11-20 17:49:40 - [MESSAGE][PASSED] - Text 'APT 123' is set on object 'Object Repository/LL -Place Order Page/Shipping Address 2 Input'

2018-11-20 17:49:40 - [TEST_STEP][PASSED] - setText: Text 'Tampa' is set on object 'Object Repository/LL -Place Order Page/Shipping City Input'

2018-11-20 17:49:41 - [MESSAGE][PASSED] - Text 'Tampa' is set on object 'Object Repository/LL -Place Order Page/Shipping City Input'

2018-11-20 17:49:41 - [TEST_STEP][PASSED] - setText: Text '12345' is set on object 'Object Repository/LL -Place Order Page/Shipping Zip Code Input'

2018-11-20 17:49:41 - [MESSAGE][PASSED] - Text '12345' is set on object 'Object Repository/LL -Place Order Page/Shipping Zip Code Input'

2018-11-20 17:49:41 - [TEST_STEP][PASSED] - selectOptionByValue: All options with value '223' are selected in object 'Object Repository/LL -Place Order Page/Shipping Country Select' 

2018-11-20 17:49:41 - [MESSAGE][PASSED] - All options with value '223' are selected in object 'Object Repository/LL -Place Order Page/Shipping Country Select' 

2018-11-20 17:49:41 - [TEST_STEP][PASSED] - selectOptionByValue: All options with value 'FL' are selected in object 'Object Repository/LL -Place Order Page/Shipping State Select' 

2018-11-20 17:49:42 - [MESSAGE][PASSED] - All options with value 'FL' are selected in object 'Object Repository/LL -Place Order Page/Shipping State Select' 

2018-11-20 17:49:42 - [TEST_STEP][PASSED] - setText: Text '555-555-5555' is set on object 'Object Repository/LL -Place Order Page/Phone Input'

2018-11-20 17:49:43 - [MESSAGE][PASSED] - Text '555-555-5555' is set on object 'Object Repository/LL -Place Order Page/Phone Input'

2018-11-20 17:49:43 - [TEST_STEP][PASSED] - setText: Text 'matt@7.4Test.com' is set on object 'Object Repository/LL -Place Order Page/Email Input'

2018-11-20 17:49:44 - [MESSAGE][PASSED] - Text 'matt@7.4Test.com' is set on object 'Object Repository/LL -Place Order Page/Email Input'

2018-11-20 17:49:44 - [TEST_STEP][PASSED] - click: Object: 'Object Repository/LL -Place Order Page/Affiliate-Sub-Affiliate Checkbox' is clicked on

2018-11-20 17:49:44 - [MESSAGE][PASSED] - Object: 'Object Repository/LL -Place Order Page/Affiliate-Sub-Affiliate Checkbox' is clicked on

2018-11-20 17:49:44 - [TEST_STEP][PASSED] - setText: Text 'AFID' is set on object 'Object Repository/LL -Place Order Page/AFID Input'

2018-11-20 17:49:45 - [MESSAGE][PASSED] - Text 'AFID' is set on object 'Object Repository/LL -Place Order Page/AFID Input'

2018-11-20 17:49:45 - [TEST_STEP][PASSED] - setText: Text 'SID' is set on object 'Object Repository/LL -Place Order Page/SID Input'

2018-11-20 17:49:45 - [MESSAGE][PASSED] - Text 'SID' is set on object 'Object Repository/LL -Place Order Page/SID Input'

2018-11-20 17:49:45 - [TEST_STEP][PASSED] - selectOptionByValue: All options with value 'visa' are selected in object 'Object Repository/LL -Place Order Page/Payment Type Select' 

2018-11-20 17:49:45 - [MESSAGE][PASSED] - All options with value 'visa' are selected in object 'Object Repository/LL -Place Order Page/Payment Type Select' 

2018-11-20 17:49:45 - [TEST_STEP][PASSED] - setText: Text '5555555555555555' is set on object 'Object Repository/LL -Place Order Page/Credit Card Number Input'

2018-11-20 17:49:45 - [MESSAGE][PASSED] - Text '5555555555555555' is set on object 'Object Repository/LL -Place Order Page/Credit Card Number Input'

2018-11-20 17:49:45 - [TEST_STEP][PASSED] - selectOptionByValue: All options with value '01' are selected in object 'Object Repository/LL -Place Order Page/Expiration Date-Month Select' 

2018-11-20 17:49:46 - [MESSAGE][PASSED] - All options with value '01' are selected in object 'Object Repository/LL -Place Order Page/Expiration Date-Month Select' 

2018-11-20 17:49:46 - [TEST_STEP][PASSED] - selectOptionByValue: All options with value '30' are selected in object 'Object Repository/LL -Place Order Page/Expiration Date-Year Select' 

2018-11-20 17:49:46 - [MESSAGE][PASSED] - All options with value '30' are selected in object 'Object Repository/LL -Place Order Page/Expiration Date-Year Select' 

2018-11-20 17:49:46 - [TEST_STEP][PASSED] - setText: Text '1234' is set on object 'Object Repository/LL -Place Order Page/Security Code Input'

2018-11-20 17:49:47 - [MESSAGE][PASSED] - Text '1234' is set on object 'Object Repository/LL -Place Order Page/Security Code Input'

2018-11-20 17:49:47 - [TEST_STEP][PASSED] - click: Object: 'Object Repository/LL -Place Order Page/Process Order Button' is clicked on

2018-11-20 17:49:49 - [MESSAGE][PASSED] - Object: 'Object Repository/LL -Place Order Page/Process Order Button' is clicked on

2018-11-20 17:49:49 - [TEST_STEP][PASSED] - verifyTextPresent: Text 'Place Order 'SUCCESS'' is present on page 

2018-11-20 17:49:49 - [MESSAGE][PASSED] - Text 'Place Order 'SUCCESS'' is present on page 

2018-11-20 17:49:49 - [TEST_STEP][PASSED] - click: Object: 'Object Repository/LL -Place Order Page/Order ID Link' is clicked on

2018-11-20 17:49:51 - [MESSAGE][PASSED] - Object: 'Object Repository/LL -Place Order Page/Order ID Link' is clicked on

2018-11-20 17:49:51 - [TEST_STEP][PASSED] - waitForPageLoad: Wait for page load successfully

2018-11-20 17:49:51 - [MESSAGE][PASSED] - Wait for page load successfully

2018-11-20 17:49:51 - [TEST_STEP][PASSED] - verifyTextPresent: Text 'matt@7.4Test.com' is present on page 

2018-11-20 17:49:52 - [MESSAGE][PASSED] - Text 'matt@7.4Test.com' is present on page 

2018-11-20 17:49:52 - [TEST_STEP][FAILED] - verifyTextPresent: Unable to verify text 'By Lime Light CRM API - Product 207 was purchased using offer 396, billing model 240. ' is present  (Root cause: Text 'By Lime Light CRM API - Product 207 was purchased using offer 396, billing model 240. ' is not present on page )

2018-11-20 17:49:53 - [MESSAGE][FAILED] - Text 'By Lime Light CRM API - Product 207 was purchased using offer 396, billing model 240. ' is not present on page 

2018-11-20 17:49:53 - [MESSAGE][FAILED] - Unable to verify text 'By Lime Light CRM API - Product 207 was purchased using offer 396, billing model 240. ' is present  (Root cause: Text 'By Lime Light CRM API - Product 207 was purchased using offer 396, billing model 240. ' is not present on page )
[[ATTACHMENT|C:\\Users\\Matt Martin\\Katalon Studio\\Matt Demo Tests\\Reports\\Offer Tests\\20181120_174835\\1542754193319.png]]]]></system-out>
         <system-err><![CDATA[2018-11-20 17:49:19 - [TEST_CASE][FAILED] - Test Cases/Offer ID 396 - Regression-StandardCustomRecurring: Test Cases/Offer ID 396 - Regression-StandardCustomRecurring FAILED because (of) (Stack trace: com.kms.katalon.core.exception.StepFailedException: Unable to verify text 'By Lime Light CRM API - Product 207 was purchased using offer 396, billing model 240. ' is present  (Root cause: Text 'By Lime Light CRM API - Product 207 was purchased using offer 396, billing model 240. ' is not present on page )
	at com.kms.katalon.core.keyword.internal.KeywordMain.stepFailed(KeywordMain.groovy:36)
	at com.kms.katalon.core.webui.keyword.internal.WebUIKeywordMain.stepFailed(WebUIKeywordMain.groovy:65)
	at com.kms.katalon.core.webui.keyword.internal.WebUIKeywordMain.runKeyword(WebUIKeywordMain.groovy:27)
	at com.kms.katalon.core.webui.keyword.builtin.VerifyTextPresentKeyword.verifyTextPresent(VerifyTextPresentKeyword.groovy:83)
	at com.kms.katalon.core.webui.keyword.builtin.VerifyTextPresentKeyword.execute(VerifyTextPresentKeyword.groovy:68)
	at com.kms.katalon.core.keyword.internal.KeywordExecutor.executeKeywordForPlatform(KeywordExecutor.groovy:53)
	at com.kms.katalon.core.webui.keyword.WebUiBuiltInKeywords.verifyTextPresent(WebUiBuiltInKeywords.groovy:1693)
	at com.kms.katalon.core.webui.keyword.WebUiBuiltInKeywords$verifyTextPresent$6.call(Unknown Source)
	at org.codehaus.groovy.runtime.callsite.CallSiteArray.defaultCall(CallSiteArray.java:48)
	at org.codehaus.groovy.runtime.callsite.AbstractCallSite.call(AbstractCallSite.java:113)
	at org.codehaus.groovy.runtime.callsite.AbstractCallSite.call(AbstractCallSite.java:133)
	at Script1542752781883.run(Script1542752781883.groovy:126)
	at com.kms.katalon.core.main.ScriptEngine.run(ScriptEngine.java:183)
	at com.kms.katalon.core.main.ScriptEngine.runScriptAsRawText(ScriptEngine.java:108)
	at com.kms.katalon.core.main.TestCaseExecutor.runScript(TestCaseExecutor.java:294)
	at com.kms.katalon.core.main.TestCaseExecutor.doExecute(TestCaseExecutor.java:285)
	at com.kms.katalon.core.main.TestCaseExecutor.processExecutionPhase(TestCaseExecutor.java:264)
	at com.kms.katalon.core.main.TestCaseExecutor.accessMainPhase(TestCaseExecutor.java:256)
	at com.kms.katalon.core.main.TestCaseExecutor.execute(TestCaseExecutor.java:200)
	at com.kms.katalon.core.main.TestSuiteExecutor.accessTestCaseMainPhase(TestSuiteExecutor.java:129)
	at com.kms.katalon.core.main.TestSuiteExecutor.accessTestSuiteMainPhase(TestSuiteExecutor.java:112)
	at com.kms.katalon.core.main.TestSuiteExecutor.execute(TestSuiteExecutor.java:81)
	at com.kms.katalon.core.main.TestCaseMain.startTestSuite(TestCaseMain.java:142)
	at com.kms.katalon.core.main.TestCaseMain$startTestSuite$0.call(Unknown Source)
	at org.codehaus.groovy.runtime.callsite.CallSiteArray.defaultCall(CallSiteArray.java:48)
	at org.codehaus.groovy.runtime.callsite.AbstractCallSite.call(AbstractCallSite.java:113)
	at org.codehaus.groovy.runtime.callsite.AbstractCallSite.call(AbstractCallSite.java:141)
	at TempTestSuite1542754115121.run(TempTestSuite1542754115121.groovy:36)
	at groovy.lang.GroovyShell.runScriptOrMainOrTestOrRunnable(GroovyShell.java:263)
	at groovy.lang.GroovyShell.run(GroovyShell.java:518)
	at groovy.lang.GroovyShell.run(GroovyShell.java:507)
	at groovy.ui.GroovyMain.processOnce(GroovyMain.java:653)
	at groovy.ui.GroovyMain.run(GroovyMain.java:384)
	at groovy.ui.GroovyMain.process(GroovyMain.java:370)
	at groovy.ui.GroovyMain.processArgs(GroovyMain.java:129)
	at groovy.ui.GroovyMain.main(GroovyMain.java:109)
	at sun.reflect.NativeMethodAccessorImpl.invoke0(Native Method)
	at sun.reflect.NativeMethodAccessorImpl.invoke(NativeMethodAccessorImpl.java:62)
	at sun.reflect.DelegatingMethodAccessorImpl.invoke(DelegatingMethodAccessorImpl.java:43)
	at java.lang.reflect.Method.invoke(Method.java:498)
	at org.codehaus.groovy.tools.GroovyStarter.rootLoader(GroovyStarter.java:109)
	at org.codehaus.groovy.tools.GroovyStarter.main(GroovyStarter.java:131)
)]]></system-err>
      </testcase>
      <system-out><![CDATA[2018-11-20 17:48:38 - [TEST_SUITE][FAILED] - Offer Tests: Test Cases/Offer ID 396 - Regression-StandardCustomRecurring FAILED because (of) (Stack trace: com.kms.katalon.core.exception.StepFailedException: Unable to verify text 'By Lime Light CRM API - Product 207 was purchased using offer 396, billing model 240. ' is present  (Root cause: Text 'By Lime Light CRM API - Product 207 was purchased using offer 396, billing model 240. ' is not present on page )
	at com.kms.katalon.core.keyword.internal.KeywordMain.stepFailed(KeywordMain.groovy:36)
	at com.kms.katalon.core.webui.keyword.internal.WebUIKeywordMain.stepFailed(WebUIKeywordMain.groovy:65)
	at com.kms.katalon.core.webui.keyword.internal.WebUIKeywordMain.runKeyword(WebUIKeywordMain.groovy:27)
	at com.kms.katalon.core.webui.keyword.builtin.VerifyTextPresentKeyword.verifyTextPresent(VerifyTextPresentKeyword.groovy:83)
	at com.kms.katalon.core.webui.keyword.builtin.VerifyTextPresentKeyword.execute(VerifyTextPresentKeyword.groovy:68)
	at com.kms.katalon.core.keyword.internal.KeywordExecutor.executeKeywordForPlatform(KeywordExecutor.groovy:53)
	at com.kms.katalon.core.webui.keyword.WebUiBuiltInKeywords.verifyTextPresent(WebUiBuiltInKeywords.groovy:1693)
	at com.kms.katalon.core.webui.keyword.WebUiBuiltInKeywords$verifyTextPresent$6.call(Unknown Source)
	at org.codehaus.groovy.runtime.callsite.CallSiteArray.defaultCall(CallSiteArray.java:48)
	at org.codehaus.groovy.runtime.callsite.AbstractCallSite.call(AbstractCallSite.java:113)
	at org.codehaus.groovy.runtime.callsite.AbstractCallSite.call(AbstractCallSite.java:133)
	at Script1542752781883.run(Script1542752781883.groovy:126)
	at com.kms.katalon.core.main.ScriptEngine.run(ScriptEngine.java:183)
	at com.kms.katalon.core.main.ScriptEngine.runScriptAsRawText(ScriptEngine.java:108)
	at com.kms.katalon.core.main.TestCaseExecutor.runScript(TestCaseExecutor.java:294)
	at com.kms.katalon.core.main.TestCaseExecutor.doExecute(TestCaseExecutor.java:285)
	at com.kms.katalon.core.main.TestCaseExecutor.processExecutionPhase(TestCaseExecutor.java:264)
	at com.kms.katalon.core.main.TestCaseExecutor.accessMainPhase(TestCaseExecutor.java:256)
	at com.kms.katalon.core.main.TestCaseExecutor.execute(TestCaseExecutor.java:200)
	at com.kms.katalon.core.main.TestSuiteExecutor.accessTestCaseMainPhase(TestSuiteExecutor.java:129)
	at com.kms.katalon.core.main.TestSuiteExecutor.accessTestSuiteMainPhase(TestSuiteExecutor.java:112)
	at com.kms.katalon.core.main.TestSuiteExecutor.execute(TestSuiteExecutor.java:81)
	at com.kms.katalon.core.main.TestCaseMain.startTestSuite(TestCaseMain.java:142)
	at com.kms.katalon.core.main.TestCaseMain$startTestSuite$0.call(Unknown Source)
	at org.codehaus.groovy.runtime.callsite.CallSiteArray.defaultCall(CallSiteArray.java:48)
	at org.codehaus.groovy.runtime.callsite.AbstractCallSite.call(AbstractCallSite.java:113)
	at org.codehaus.groovy.runtime.callsite.AbstractCallSite.call(AbstractCallSite.java:141)
	at TempTestSuite1542754115121.run(TempTestSuite1542754115121.groovy:36)
	at groovy.lang.GroovyShell.runScriptOrMainOrTestOrRunnable(GroovyShell.java:263)
	at groovy.lang.GroovyShell.run(GroovyShell.java:518)
	at groovy.lang.GroovyShell.run(GroovyShell.java:507)
	at groovy.ui.GroovyMain.processOnce(GroovyMain.java:653)
	at groovy.ui.GroovyMain.run(GroovyMain.java:384)
	at groovy.ui.GroovyMain.process(GroovyMain.java:370)
	at groovy.ui.GroovyMain.processArgs(GroovyMain.java:129)
	at groovy.ui.GroovyMain.main(GroovyMain.java:109)
	at sun.reflect.NativeMethodAccessorImpl.invoke0(Native Method)
	at sun.reflect.NativeMethodAccessorImpl.invoke(NativeMethodAccessorImpl.java:62)
	at sun.reflect.DelegatingMethodAccessorImpl.invoke(DelegatingMethodAccessorImpl.java:43)
	at java.lang.reflect.Method.invoke(Method.java:498)
	at org.codehaus.groovy.tools.GroovyStarter.rootLoader(GroovyStarter.java:109)
	at org.codehaus.groovy.tools.GroovyStarter.main(GroovyStarter.java:131)
)]]></system-out>
      <system-err><![CDATA[2018-11-20 17:48:38 - [TEST_SUITE][FAILED] - Offer Tests: Test Cases/Offer ID 396 - Regression-StandardCustomRecurring FAILED because (of) (Stack trace: com.kms.katalon.core.exception.StepFailedException: Unable to verify text 'By Lime Light CRM API - Product 207 was purchased using offer 396, billing model 240. ' is present  (Root cause: Text 'By Lime Light CRM API - Product 207 was purchased using offer 396, billing model 240. ' is not present on page )
	at com.kms.katalon.core.keyword.internal.KeywordMain.stepFailed(KeywordMain.groovy:36)
	at com.kms.katalon.core.webui.keyword.internal.WebUIKeywordMain.stepFailed(WebUIKeywordMain.groovy:65)
	at com.kms.katalon.core.webui.keyword.internal.WebUIKeywordMain.runKeyword(WebUIKeywordMain.groovy:27)
	at com.kms.katalon.core.webui.keyword.builtin.VerifyTextPresentKeyword.verifyTextPresent(VerifyTextPresentKeyword.groovy:83)
	at com.kms.katalon.core.webui.keyword.builtin.VerifyTextPresentKeyword.execute(VerifyTextPresentKeyword.groovy:68)
	at com.kms.katalon.core.keyword.internal.KeywordExecutor.executeKeywordForPlatform(KeywordExecutor.groovy:53)
	at com.kms.katalon.core.webui.keyword.WebUiBuiltInKeywords.verifyTextPresent(WebUiBuiltInKeywords.groovy:1693)
	at com.kms.katalon.core.webui.keyword.WebUiBuiltInKeywords$verifyTextPresent$6.call(Unknown Source)
	at org.codehaus.groovy.runtime.callsite.CallSiteArray.defaultCall(CallSiteArray.java:48)
	at org.codehaus.groovy.runtime.callsite.AbstractCallSite.call(AbstractCallSite.java:113)
	at org.codehaus.groovy.runtime.callsite.AbstractCallSite.call(AbstractCallSite.java:133)
	at Script1542752781883.run(Script1542752781883.groovy:126)
	at com.kms.katalon.core.main.ScriptEngine.run(ScriptEngine.java:183)
	at com.kms.katalon.core.main.ScriptEngine.runScriptAsRawText(ScriptEngine.java:108)
	at com.kms.katalon.core.main.TestCaseExecutor.runScript(TestCaseExecutor.java:294)
	at com.kms.katalon.core.main.TestCaseExecutor.doExecute(TestCaseExecutor.java:285)
	at com.kms.katalon.core.main.TestCaseExecutor.processExecutionPhase(TestCaseExecutor.java:264)
	at com.kms.katalon.core.main.TestCaseExecutor.accessMainPhase(TestCaseExecutor.java:256)
	at com.kms.katalon.core.main.TestCaseExecutor.execute(TestCaseExecutor.java:200)
	at com.kms.katalon.core.main.TestSuiteExecutor.accessTestCaseMainPhase(TestSuiteExecutor.java:129)
	at com.kms.katalon.core.main.TestSuiteExecutor.accessTestSuiteMainPhase(TestSuiteExecutor.java:112)
	at com.kms.katalon.core.main.TestSuiteExecutor.execute(TestSuiteExecutor.java:81)
	at com.kms.katalon.core.main.TestCaseMain.startTestSuite(TestCaseMain.java:142)
	at com.kms.katalon.core.main.TestCaseMain$startTestSuite$0.call(Unknown Source)
	at org.codehaus.groovy.runtime.callsite.CallSiteArray.defaultCall(CallSiteArray.java:48)
	at org.codehaus.groovy.runtime.callsite.AbstractCallSite.call(AbstractCallSite.java:113)
	at org.codehaus.groovy.runtime.callsite.AbstractCallSite.call(AbstractCallSite.java:141)
	at TempTestSuite1542754115121.run(TempTestSuite1542754115121.groovy:36)
	at groovy.lang.GroovyShell.runScriptOrMainOrTestOrRunnable(GroovyShell.java:263)
	at groovy.lang.GroovyShell.run(GroovyShell.java:518)
	at groovy.lang.GroovyShell.run(GroovyShell.java:507)
	at groovy.ui.GroovyMain.processOnce(GroovyMain.java:653)
	at groovy.ui.GroovyMain.run(GroovyMain.java:384)
	at groovy.ui.GroovyMain.process(GroovyMain.java:370)
	at groovy.ui.GroovyMain.processArgs(GroovyMain.java:129)
	at groovy.ui.GroovyMain.main(GroovyMain.java:109)
	at sun.reflect.NativeMethodAccessorImpl.invoke0(Native Method)
	at sun.reflect.NativeMethodAccessorImpl.invoke(NativeMethodAccessorImpl.java:62)
	at sun.reflect.DelegatingMethodAccessorImpl.invoke(DelegatingMethodAccessorImpl.java:43)
	at java.lang.reflect.Method.invoke(Method.java:498)
	at org.codehaus.groovy.tools.GroovyStarter.rootLoader(GroovyStarter.java:109)
	at org.codehaus.groovy.tools.GroovyStarter.main(GroovyStarter.java:131)
)]]></system-err>
   </testsuite>
</testsuites>
