<?xml version="1.0" encoding="UTF-8"?>
<testsuites name="Offer Tests" time="202" tests="5" failures="1" errors="0">
   <testsuite name="Offer Tests" tests="5" failures="1" errors="0" time="202" timestamp="2018-11-20 17:55:35" hostname="Matt Martin - LAPTOP-9VMM7G2Q" id="Test Suites/Offer Tests">
      <properties>
         <property name="deviceName" value=""/>
         <property name="devicePlatform" value=""/>
         <property name="logFolder" value="C:\\Users\\Matt Martin\\Katalon Studio\\Matt Demo Tests\\Reports\\Offer Tests\\20181120_175531"/>
         <property name="logFiles" value="C:\\Users\\Matt Martin\\Katalon Studio\\Matt Demo Tests\\Reports\\Offer Tests\\20181120_175531\\execution0.log"/>
         <property name="attachments" value="C:\\Users\\Matt Martin\\Katalon Studio\\Matt Demo Tests\\Reports\\Offer Tests\\20181120_175531\\1542754629134.png"/>
         <property name="hostName" value="Matt Martin - LAPTOP-9VMM7G2Q"/>
         <property name="os" value="Windows 10 64bit"/>
         <property name="katalonVersion" value="5.8.6.1"/>
         <property name="browser" value="Chrome 70.0.3538.102"/>
         <property name="hostAddress" value="192.168.132.61"/>
         <property name="sessionId" value="409b7f7780896fe30ef6586ca416b2c5"/>
         <property name="seleniumVersion" value="3.7.1"/>
         <property name="proxyInformation" value="ProxyInformation{proxyOption=NO_PROXY, proxyServerType=HTTP, password=, proxyServerAddress=, proxyServerPort=0}"/>
         <property name="platform" value="Windows 10"/>
      </properties>
      <testcase name="Test Cases/Offer ID 392 - Regression-Standard-Trial" classname="Test Cases/Offer ID 392 - Regression-Standard-Trial" status="PASSED">
         <system-out><![CDATA[2018-11-20 17:55:35 - [TEST_CASE][PASSED] - Test Cases/Offer ID 392 - Regression-Standard-Trial: Test Cases/Offer ID 392 - Regression-Standard-Trial

2018-11-20 17:55:36 - [TEST_STEP][PASSED] - openBrowser: Browser is opened with url: 'https://test-dnvb.qa1.limelightcrm.com/admin/login.php?'

2018-11-20 17:55:44 - [MESSAGE][PASSED] - Browser is opened with url: 'https://test-dnvb.qa1.limelightcrm.com/admin/login.php?'

2018-11-20 17:55:44 - [TEST_STEP][PASSED] - setText: Text 'mattauto' is set on object 'Object Repository/LL - Log In/Username Field'

2018-11-20 17:55:44 - [MESSAGE][PASSED] - Text 'mattauto' is set on object 'Object Repository/LL - Log In/Username Field'

2018-11-20 17:55:44 - [TEST_STEP][PASSED] - setText: Text 'Testing123!' is set on object 'Object Repository/LL - Log In/Password Field'

2018-11-20 17:55:45 - [MESSAGE][PASSED] - Text 'Testing123!' is set on object 'Object Repository/LL - Log In/Password Field'

2018-11-20 17:55:45 - [TEST_STEP][PASSED] - click: Object: 'Object Repository/LL - Log In/Log In Button' is clicked on

2018-11-20 17:55:54 - [MESSAGE][PASSED] - Object: 'Object Repository/LL - Log In/Log In Button' is clicked on

2018-11-20 17:55:54 - [TEST_STEP][PASSED] - waitForElementVisible: Object 'Object Repository/LL - Dashboard/Dashboard Header' is visible

2018-11-20 17:55:54 - [MESSAGE][WARNING] - Timeout '0' is invalid. Using default page load timeout: '30'

2018-11-20 17:55:54 - [MESSAGE][PASSED] - Object 'Object Repository/LL - Dashboard/Dashboard Header' is visible

2018-11-20 17:55:54 - [TEST_STEP][PASSED] - navigateToUrl: Navigate to 'https://test-dnvb.qa1.limelightcrm.com/admin/placeorder.php' successfully

2018-11-20 17:55:57 - [MESSAGE][PASSED] - Navigate to 'https://test-dnvb.qa1.limelightcrm.com/admin/placeorder.php' successfully

2018-11-20 17:55:57 - [TEST_STEP][PASSED] - selectOptionByValue: All options with value '137' are selected in object 'Object Repository/LL -Place Order Page/Campaign Select' 

2018-11-20 17:55:58 - [MESSAGE][PASSED] - All options with value '137' are selected in object 'Object Repository/LL -Place Order Page/Campaign Select' 

2018-11-20 17:55:58 - [TEST_STEP][PASSED] - selectOptionByValue: All options with value '392' are selected in object 'Object Repository/LL -Place Order Page/Offer Select' 

2018-11-20 17:55:59 - [MESSAGE][PASSED] - All options with value '392' are selected in object 'Object Repository/LL -Place Order Page/Offer Select' 

2018-11-20 17:55:59 - [TEST_STEP][PASSED] - waitForPageLoad: Wait for page load successfully

2018-11-20 17:55:59 - [MESSAGE][PASSED] - Wait for page load successfully

2018-11-20 17:55:59 - [TEST_STEP][PASSED] - selectOptionByValue: All options with value '207' are selected in object 'Object Repository/LL -Place Order Page/Trial Product Select' 

2018-11-20 17:55:59 - [MESSAGE][PASSED] - All options with value '207' are selected in object 'Object Repository/LL -Place Order Page/Trial Product Select' 

2018-11-20 17:55:59 - [TEST_STEP][PASSED] - selectOptionByValue: All options with value '240' are selected in object 'Object Repository/LL -Place Order Page/Billing Model Select' 

2018-11-20 17:56:00 - [MESSAGE][PASSED] - All options with value '240' are selected in object 'Object Repository/LL -Place Order Page/Billing Model Select' 

2018-11-20 17:56:00 - [TEST_STEP][PASSED] - selectOptionByValue: All options with value '207' are selected in object 'Object Repository/LL -Place Order Page/Main Product Select' 

2018-11-20 17:56:01 - [MESSAGE][PASSED] - All options with value '207' are selected in object 'Object Repository/LL -Place Order Page/Main Product Select' 

2018-11-20 17:56:01 - [TEST_STEP][PASSED] - setText: Text '123456789' is set on object 'Object Repository/LL -Place Order Page/Step Number Input'

2018-11-20 17:56:01 - [MESSAGE][PASSED] - Text '123456789' is set on object 'Object Repository/LL -Place Order Page/Step Number Input'

2018-11-20 17:56:01 - [TEST_STEP][PASSED] - selectOptionByValue: All options with value '2' are selected in object 'Object Repository/LL -Place Order Page/Shipping Method Select' 

2018-11-20 17:56:02 - [MESSAGE][PASSED] - All options with value '2' are selected in object 'Object Repository/LL -Place Order Page/Shipping Method Select' 

2018-11-20 17:56:02 - [TEST_STEP][PASSED] - setText: Text 'Matt' is set on object 'Object Repository/LL -Place Order Page/Shipping First Name Input'

2018-11-20 17:56:02 - [MESSAGE][PASSED] - Text 'Matt' is set on object 'Object Repository/LL -Place Order Page/Shipping First Name Input'

2018-11-20 17:56:02 - [TEST_STEP][PASSED] - setText: Text '7.4-Test' is set on object 'Object Repository/LL -Place Order Page/Shipping Last Name Input'

2018-11-20 17:56:03 - [MESSAGE][PASSED] - Text '7.4-Test' is set on object 'Object Repository/LL -Place Order Page/Shipping Last Name Input'

2018-11-20 17:56:03 - [TEST_STEP][PASSED] - setText: Text '123 Street' is set on object 'Object Repository/LL -Place Order Page/Shipping Address Input'

2018-11-20 17:56:04 - [MESSAGE][PASSED] - Text '123 Street' is set on object 'Object Repository/LL -Place Order Page/Shipping Address Input'

2018-11-20 17:56:04 - [TEST_STEP][PASSED] - setText: Text 'APT 123' is set on object 'Object Repository/LL -Place Order Page/Shipping Address 2 Input'

2018-11-20 17:56:04 - [MESSAGE][PASSED] - Text 'APT 123' is set on object 'Object Repository/LL -Place Order Page/Shipping Address 2 Input'

2018-11-20 17:56:04 - [TEST_STEP][PASSED] - setText: Text 'Tampa' is set on object 'Object Repository/LL -Place Order Page/Shipping City Input'

2018-11-20 17:56:05 - [MESSAGE][PASSED] - Text 'Tampa' is set on object 'Object Repository/LL -Place Order Page/Shipping City Input'

2018-11-20 17:56:05 - [TEST_STEP][PASSED] - setText: Text '12345' is set on object 'Object Repository/LL -Place Order Page/Shipping Zip Code Input'

2018-11-20 17:56:05 - [MESSAGE][PASSED] - Text '12345' is set on object 'Object Repository/LL -Place Order Page/Shipping Zip Code Input'

2018-11-20 17:56:05 - [TEST_STEP][PASSED] - selectOptionByValue: All options with value '223' are selected in object 'Object Repository/LL -Place Order Page/Shipping Country Select' 

2018-11-20 17:56:05 - [MESSAGE][PASSED] - All options with value '223' are selected in object 'Object Repository/LL -Place Order Page/Shipping Country Select' 

2018-11-20 17:56:05 - [TEST_STEP][PASSED] - selectOptionByValue: All options with value 'FL' are selected in object 'Object Repository/LL -Place Order Page/Shipping State Select' 

2018-11-20 17:56:06 - [MESSAGE][PASSED] - All options with value 'FL' are selected in object 'Object Repository/LL -Place Order Page/Shipping State Select' 

2018-11-20 17:56:06 - [TEST_STEP][PASSED] - setText: Text '555-555-5555' is set on object 'Object Repository/LL -Place Order Page/Phone Input'

2018-11-20 17:56:07 - [MESSAGE][PASSED] - Text '555-555-5555' is set on object 'Object Repository/LL -Place Order Page/Phone Input'

2018-11-20 17:56:07 - [TEST_STEP][PASSED] - setText: Text 'matt@7.4Test.com' is set on object 'Object Repository/LL -Place Order Page/Email Input'

2018-11-20 17:56:08 - [MESSAGE][PASSED] - Text 'matt@7.4Test.com' is set on object 'Object Repository/LL -Place Order Page/Email Input'

2018-11-20 17:56:08 - [TEST_STEP][PASSED] - click: Object: 'Object Repository/LL -Place Order Page/Affiliate-Sub-Affiliate Checkbox' is clicked on

2018-11-20 17:56:09 - [MESSAGE][PASSED] - Object: 'Object Repository/LL -Place Order Page/Affiliate-Sub-Affiliate Checkbox' is clicked on

2018-11-20 17:56:09 - [TEST_STEP][PASSED] - setText: Text 'AFID' is set on object 'Object Repository/LL -Place Order Page/AFID Input'

2018-11-20 17:56:10 - [MESSAGE][PASSED] - Text 'AFID' is set on object 'Object Repository/LL -Place Order Page/AFID Input'

2018-11-20 17:56:10 - [TEST_STEP][PASSED] - setText: Text 'SID' is set on object 'Object Repository/LL -Place Order Page/SID Input'

2018-11-20 17:56:11 - [MESSAGE][PASSED] - Text 'SID' is set on object 'Object Repository/LL -Place Order Page/SID Input'

2018-11-20 17:56:11 - [TEST_STEP][PASSED] - selectOptionByValue: All options with value 'visa' are selected in object 'Object Repository/LL -Place Order Page/Payment Type Select' 

2018-11-20 17:56:11 - [MESSAGE][PASSED] - All options with value 'visa' are selected in object 'Object Repository/LL -Place Order Page/Payment Type Select' 

2018-11-20 17:56:11 - [TEST_STEP][PASSED] - setText: Text '5555555555555555' is set on object 'Object Repository/LL -Place Order Page/Credit Card Number Input'

2018-11-20 17:56:12 - [MESSAGE][PASSED] - Text '5555555555555555' is set on object 'Object Repository/LL -Place Order Page/Credit Card Number Input'

2018-11-20 17:56:12 - [TEST_STEP][PASSED] - selectOptionByValue: All options with value '01' are selected in object 'Object Repository/LL -Place Order Page/Expiration Date-Month Select' 

2018-11-20 17:56:13 - [MESSAGE][PASSED] - All options with value '01' are selected in object 'Object Repository/LL -Place Order Page/Expiration Date-Month Select' 

2018-11-20 17:56:13 - [TEST_STEP][PASSED] - selectOptionByValue: All options with value '30' are selected in object 'Object Repository/LL -Place Order Page/Expiration Date-Year Select' 

2018-11-20 17:56:13 - [MESSAGE][PASSED] - All options with value '30' are selected in object 'Object Repository/LL -Place Order Page/Expiration Date-Year Select' 

2018-11-20 17:56:13 - [TEST_STEP][PASSED] - setText: Text '1234' is set on object 'Object Repository/LL -Place Order Page/Security Code Input'

2018-11-20 17:56:14 - [MESSAGE][PASSED] - Text '1234' is set on object 'Object Repository/LL -Place Order Page/Security Code Input'

2018-11-20 17:56:14 - [TEST_STEP][PASSED] - click: Object: 'Object Repository/LL -Place Order Page/Process Order Button' is clicked on

2018-11-20 17:56:19 - [MESSAGE][PASSED] - Object: 'Object Repository/LL -Place Order Page/Process Order Button' is clicked on

2018-11-20 17:56:19 - [TEST_STEP][PASSED] - verifyTextPresent: Text 'Place Order 'SUCCESS'' is present on page 

2018-11-20 17:56:20 - [MESSAGE][PASSED] - Text 'Place Order 'SUCCESS'' is present on page 

2018-11-20 17:56:20 - [TEST_STEP][PASSED] - click: Object: 'Object Repository/LL -Place Order Page/Order ID Link' is clicked on

2018-11-20 17:56:21 - [MESSAGE][PASSED] - Object: 'Object Repository/LL -Place Order Page/Order ID Link' is clicked on

2018-11-20 17:56:21 - [TEST_STEP][PASSED] - waitForPageLoad: Wait for page load successfully

2018-11-20 17:56:21 - [MESSAGE][PASSED] - Wait for page load successfully

2018-11-20 17:56:21 - [TEST_STEP][PASSED] - verifyTextPresent: Text 'matt@7.4Test.com' is present on page 

2018-11-20 17:56:22 - [MESSAGE][PASSED] - Text 'matt@7.4Test.com' is present on page 

2018-11-20 17:56:22 - [TEST_STEP][PASSED] - verifyTextPresent: Text 'By Lime Light CRM API - Product 207 was purchased using offer 392, billing model 240. ' is present on page 

2018-11-20 17:56:22 - [MESSAGE][PASSED] - Text 'By Lime Light CRM API - Product 207 was purchased using offer 392, billing model 240. ' is present on page]]></system-out>
         <system-err><![CDATA[]]></system-err>
      </testcase>
      <testcase name="Test Cases/Offer ID 392 - Regression-Standard" classname="Test Cases/Offer ID 392 - Regression-Standard" status="PASSED">
         <system-out><![CDATA[2018-11-20 17:56:22 - [TEST_CASE][PASSED] - Test Cases/Offer ID 392 - Regression-Standard: Test Cases/Offer ID 392 - Regression-Standard

2018-11-20 17:56:23 - [TEST_STEP][PASSED] - openBrowser: Browser is opened with url: 'https://test-dnvb.qa1.limelightcrm.com/admin/login.php?'

2018-11-20 17:56:23 - [MESSAGE][WARNING] - A browser is already opened. Closing browser and opening a new one

2018-11-20 17:56:27 - [MESSAGE][PASSED] - Browser is opened with url: 'https://test-dnvb.qa1.limelightcrm.com/admin/login.php?'

2018-11-20 17:56:27 - [TEST_STEP][PASSED] - setText: Text 'mattauto' is set on object 'Object Repository/LL - Log In/Username Field'

2018-11-20 17:56:28 - [MESSAGE][PASSED] - Text 'mattauto' is set on object 'Object Repository/LL - Log In/Username Field'

2018-11-20 17:56:28 - [TEST_STEP][PASSED] - setText: Text 'Testing123!' is set on object 'Object Repository/LL - Log In/Password Field'

2018-11-20 17:56:28 - [MESSAGE][PASSED] - Text 'Testing123!' is set on object 'Object Repository/LL - Log In/Password Field'

2018-11-20 17:56:28 - [TEST_STEP][PASSED] - click: Object: 'Object Repository/LL - Log In/Log In Button' is clicked on

2018-11-20 17:56:32 - [MESSAGE][PASSED] - Object: 'Object Repository/LL - Log In/Log In Button' is clicked on

2018-11-20 17:56:32 - [TEST_STEP][PASSED] - waitForElementVisible: Object 'Object Repository/LL - Dashboard/Dashboard Header' is visible

2018-11-20 17:56:32 - [MESSAGE][WARNING] - Timeout '0' is invalid. Using default page load timeout: '30'

2018-11-20 17:56:32 - [MESSAGE][PASSED] - Object 'Object Repository/LL - Dashboard/Dashboard Header' is visible

2018-11-20 17:56:32 - [TEST_STEP][PASSED] - navigateToUrl: Navigate to 'https://test-dnvb.qa1.limelightcrm.com/admin/placeorder.php' successfully

2018-11-20 17:56:33 - [MESSAGE][PASSED] - Navigate to 'https://test-dnvb.qa1.limelightcrm.com/admin/placeorder.php' successfully

2018-11-20 17:56:33 - [TEST_STEP][PASSED] - selectOptionByValue: All options with value '137' are selected in object 'Object Repository/LL -Place Order Page/Campaign Select' 

2018-11-20 17:56:34 - [MESSAGE][PASSED] - All options with value '137' are selected in object 'Object Repository/LL -Place Order Page/Campaign Select' 

2018-11-20 17:56:34 - [TEST_STEP][PASSED] - selectOptionByValue: All options with value '392' are selected in object 'Object Repository/LL -Place Order Page/Offer Select' 

2018-11-20 17:56:35 - [MESSAGE][PASSED] - All options with value '392' are selected in object 'Object Repository/LL -Place Order Page/Offer Select' 

2018-11-20 17:56:35 - [TEST_STEP][PASSED] - waitForPageLoad: Wait for page load successfully

2018-11-20 17:56:35 - [MESSAGE][PASSED] - Wait for page load successfully

2018-11-20 17:56:35 - [TEST_STEP][PASSED] - click: Object: 'Object Repository/LL -Place Order Page/Trial Checkbox' is clicked on

2018-11-20 17:56:35 - [MESSAGE][PASSED] - Object: 'Object Repository/LL -Place Order Page/Trial Checkbox' is clicked on

2018-11-20 17:56:35 - [TEST_STEP][PASSED] - selectOptionByValue: All options with value '240' are selected in object 'Object Repository/LL -Place Order Page/Billing Model Select' 

2018-11-20 17:56:36 - [MESSAGE][PASSED] - All options with value '240' are selected in object 'Object Repository/LL -Place Order Page/Billing Model Select' 

2018-11-20 17:56:36 - [TEST_STEP][PASSED] - selectOptionByValue: All options with value '207' are selected in object 'Object Repository/LL -Place Order Page/Main Product Select' 

2018-11-20 17:56:36 - [MESSAGE][PASSED] - All options with value '207' are selected in object 'Object Repository/LL -Place Order Page/Main Product Select' 

2018-11-20 17:56:36 - [TEST_STEP][PASSED] - setText: Text '123456789' is set on object 'Object Repository/LL -Place Order Page/Step Number Input'

2018-11-20 17:56:37 - [MESSAGE][PASSED] - Text '123456789' is set on object 'Object Repository/LL -Place Order Page/Step Number Input'

2018-11-20 17:56:37 - [TEST_STEP][PASSED] - selectOptionByValue: All options with value '2' are selected in object 'Object Repository/LL -Place Order Page/Shipping Method Select' 

2018-11-20 17:56:37 - [MESSAGE][PASSED] - All options with value '2' are selected in object 'Object Repository/LL -Place Order Page/Shipping Method Select' 

2018-11-20 17:56:37 - [TEST_STEP][PASSED] - setText: Text 'Matt' is set on object 'Object Repository/LL -Place Order Page/Shipping First Name Input'

2018-11-20 17:56:37 - [MESSAGE][PASSED] - Text 'Matt' is set on object 'Object Repository/LL -Place Order Page/Shipping First Name Input'

2018-11-20 17:56:37 - [TEST_STEP][PASSED] - setText: Text '7.4-Test' is set on object 'Object Repository/LL -Place Order Page/Shipping Last Name Input'

2018-11-20 17:56:38 - [MESSAGE][PASSED] - Text '7.4-Test' is set on object 'Object Repository/LL -Place Order Page/Shipping Last Name Input'

2018-11-20 17:56:38 - [TEST_STEP][PASSED] - setText: Text '123 Street' is set on object 'Object Repository/LL -Place Order Page/Shipping Address Input'

2018-11-20 17:56:39 - [MESSAGE][PASSED] - Text '123 Street' is set on object 'Object Repository/LL -Place Order Page/Shipping Address Input'

2018-11-20 17:56:39 - [TEST_STEP][PASSED] - setText: Text 'APT 123' is set on object 'Object Repository/LL -Place Order Page/Shipping Address 2 Input'

2018-11-20 17:56:39 - [MESSAGE][PASSED] - Text 'APT 123' is set on object 'Object Repository/LL -Place Order Page/Shipping Address 2 Input'

2018-11-20 17:56:39 - [TEST_STEP][PASSED] - setText: Text 'Tampa' is set on object 'Object Repository/LL -Place Order Page/Shipping City Input'

2018-11-20 17:56:40 - [MESSAGE][PASSED] - Text 'Tampa' is set on object 'Object Repository/LL -Place Order Page/Shipping City Input'

2018-11-20 17:56:40 - [TEST_STEP][PASSED] - setText: Text '12345' is set on object 'Object Repository/LL -Place Order Page/Shipping Zip Code Input'

2018-11-20 17:56:40 - [MESSAGE][PASSED] - Text '12345' is set on object 'Object Repository/LL -Place Order Page/Shipping Zip Code Input'

2018-11-20 17:56:40 - [TEST_STEP][PASSED] - selectOptionByValue: All options with value '223' are selected in object 'Object Repository/LL -Place Order Page/Shipping Country Select' 

2018-11-20 17:56:41 - [MESSAGE][PASSED] - All options with value '223' are selected in object 'Object Repository/LL -Place Order Page/Shipping Country Select' 

2018-11-20 17:56:41 - [TEST_STEP][PASSED] - selectOptionByValue: All options with value 'FL' are selected in object 'Object Repository/LL -Place Order Page/Shipping State Select' 

2018-11-20 17:56:41 - [MESSAGE][PASSED] - All options with value 'FL' are selected in object 'Object Repository/LL -Place Order Page/Shipping State Select' 

2018-11-20 17:56:41 - [TEST_STEP][PASSED] - setText: Text '555-555-5555' is set on object 'Object Repository/LL -Place Order Page/Phone Input'

2018-11-20 17:56:42 - [MESSAGE][PASSED] - Text '555-555-5555' is set on object 'Object Repository/LL -Place Order Page/Phone Input'

2018-11-20 17:56:42 - [TEST_STEP][PASSED] - setText: Text 'matt@7.4Test.com' is set on object 'Object Repository/LL -Place Order Page/Email Input'

2018-11-20 17:56:43 - [MESSAGE][PASSED] - Text 'matt@7.4Test.com' is set on object 'Object Repository/LL -Place Order Page/Email Input'

2018-11-20 17:56:43 - [TEST_STEP][PASSED] - click: Object: 'Object Repository/LL -Place Order Page/Affiliate-Sub-Affiliate Checkbox' is clicked on

2018-11-20 17:56:43 - [MESSAGE][PASSED] - Object: 'Object Repository/LL -Place Order Page/Affiliate-Sub-Affiliate Checkbox' is clicked on

2018-11-20 17:56:43 - [TEST_STEP][PASSED] - setText: Text 'AFID' is set on object 'Object Repository/LL -Place Order Page/AFID Input'

2018-11-20 17:56:44 - [MESSAGE][PASSED] - Text 'AFID' is set on object 'Object Repository/LL -Place Order Page/AFID Input'

2018-11-20 17:56:44 - [TEST_STEP][PASSED] - setText: Text 'SID' is set on object 'Object Repository/LL -Place Order Page/SID Input'

2018-11-20 17:56:44 - [MESSAGE][PASSED] - Text 'SID' is set on object 'Object Repository/LL -Place Order Page/SID Input'

2018-11-20 17:56:44 - [TEST_STEP][PASSED] - selectOptionByValue: All options with value 'visa' are selected in object 'Object Repository/LL -Place Order Page/Payment Type Select' 

2018-11-20 17:56:44 - [MESSAGE][PASSED] - All options with value 'visa' are selected in object 'Object Repository/LL -Place Order Page/Payment Type Select' 

2018-11-20 17:56:44 - [TEST_STEP][PASSED] - setText: Text '5555555555555555' is set on object 'Object Repository/LL -Place Order Page/Credit Card Number Input'

2018-11-20 17:56:45 - [MESSAGE][PASSED] - Text '5555555555555555' is set on object 'Object Repository/LL -Place Order Page/Credit Card Number Input'

2018-11-20 17:56:45 - [TEST_STEP][PASSED] - selectOptionByValue: All options with value '01' are selected in object 'Object Repository/LL -Place Order Page/Expiration Date-Month Select' 

2018-11-20 17:56:46 - [MESSAGE][PASSED] - All options with value '01' are selected in object 'Object Repository/LL -Place Order Page/Expiration Date-Month Select' 

2018-11-20 17:56:46 - [TEST_STEP][PASSED] - selectOptionByValue: All options with value '30' are selected in object 'Object Repository/LL -Place Order Page/Expiration Date-Year Select' 

2018-11-20 17:56:46 - [MESSAGE][PASSED] - All options with value '30' are selected in object 'Object Repository/LL -Place Order Page/Expiration Date-Year Select' 

2018-11-20 17:56:46 - [TEST_STEP][PASSED] - setText: Text '1234' is set on object 'Object Repository/LL -Place Order Page/Security Code Input'

2018-11-20 17:56:47 - [MESSAGE][PASSED] - Text '1234' is set on object 'Object Repository/LL -Place Order Page/Security Code Input'

2018-11-20 17:56:47 - [TEST_STEP][PASSED] - click: Object: 'Object Repository/LL -Place Order Page/Process Order Button' is clicked on

2018-11-20 17:56:50 - [MESSAGE][PASSED] - Object: 'Object Repository/LL -Place Order Page/Process Order Button' is clicked on

2018-11-20 17:56:50 - [TEST_STEP][PASSED] - verifyTextPresent: Text 'Place Order 'SUCCESS'' is present on page 

2018-11-20 17:56:50 - [MESSAGE][PASSED] - Text 'Place Order 'SUCCESS'' is present on page 

2018-11-20 17:56:50 - [TEST_STEP][PASSED] - click: Object: 'Object Repository/LL -Place Order Page/Order ID Link' is clicked on

2018-11-20 17:56:52 - [MESSAGE][PASSED] - Object: 'Object Repository/LL -Place Order Page/Order ID Link' is clicked on

2018-11-20 17:56:52 - [TEST_STEP][PASSED] - waitForPageLoad: Wait for page load successfully

2018-11-20 17:56:52 - [MESSAGE][PASSED] - Wait for page load successfully

2018-11-20 17:56:52 - [TEST_STEP][PASSED] - verifyTextPresent: Text 'matt@7.4Test.com' is present on page 

2018-11-20 17:56:53 - [MESSAGE][PASSED] - Text 'matt@7.4Test.com' is present on page 

2018-11-20 17:56:53 - [TEST_STEP][PASSED] - verifyTextPresent: Text 'By Lime Light CRM API - Product 207 was purchased using offer 392, billing model 240. ' is present on page 

2018-11-20 17:56:54 - [MESSAGE][PASSED] - Text 'By Lime Light CRM API - Product 207 was purchased using offer 392, billing model 240. ' is present on page]]></system-out>
         <system-err><![CDATA[]]></system-err>
      </testcase>
      <testcase name="Test Cases/Offer ID 394 - Regression-StandardExpires-Trial" classname="Test Cases/Offer ID 394 - Regression-StandardExpires-Trial" status="FAILED">
         <failure type="FAILED" message="(Stack trace: com.kms.katalon.core.exception.StepFailedException: Unable to select option by value '207' of object 'Object Repository/LL -Place Order Page/Trial Product Select'  (Root cause: org.openqa.selenium.StaleElementReferenceException: stale element reference: element is not attached to the page document
  (Session info: chrome=70.0.3538.102)
  (Driver info: chromedriver=2.43.600210 (68dcf5eebde37173d4027fa8635e332711d2874a),platform=Windows NT 10.0.17134 x86_64) (WARNING: The server did not provide any stacktrace information)
Command duration or timeout: 0 milliseconds
For documentation on this error, please visit: http://seleniumhq.org/exceptions/stale_element_reference.html
Build info: version: '3.7.1', revision: '8a0099a', time: '2017-11-06T21:07:36.161Z'
System info: host: 'LAPTOP-9VMM7G2Q', ip: '192.168.132.61', os.name: 'Windows 10', os.arch: 'amd64', os.version: '10.0', java.version: '1.8.0_181'
Driver info: com.kms.katalon.selenium.driver.CChromeDriver
Capabilities {acceptInsecureCerts: false, acceptSslCerts: false, applicationCacheEnabled: false, browserConnectionEnabled: false, browserName: chrome, chrome: {chromedriverVersion: 2.43.600210 (68dcf5eebde371..., userDataDir: C:\Users\MATTMA~1\AppData\L...}, cssSelectorsEnabled: true, databaseEnabled: false, goog:chromeOptions: {debuggerAddress: localhost:58349}, handlesAlerts: true, hasTouchScreen: false, javascriptEnabled: true, locationContextEnabled: true, mobileEmulationEnabled: false, nativeEvents: true, networkConnectionEnabled: false, pageLoadStrategy: normal, platform: XP, platformName: XP, rotatable: false, setWindowRect: true, takesHeapSnapshot: true, takesScreenshot: true, unexpectedAlertBehaviour: , unhandledPromptBehavior: , version: 70.0.3538.102, webStorageEnabled: true}
Session ID: 3ede58f748b191fabc615e374ca893a4)
	at com.kms.katalon.core.keyword.internal.KeywordMain.stepFailed(KeywordMain.groovy:36)
	at com.kms.katalon.core.webui.keyword.internal.WebUIKeywordMain.stepFailed(WebUIKeywordMain.groovy:65)
	at com.kms.katalon.core.webui.keyword.internal.WebUIKeywordMain.runKeyword(WebUIKeywordMain.groovy:27)
	at com.kms.katalon.core.webui.keyword.builtin.SelectOptionByValueKeyword.selectOptionByValue(SelectOptionByValueKeyword.groovy:99)
	at com.kms.katalon.core.webui.keyword.builtin.SelectOptionByValueKeyword.execute(SelectOptionByValueKeyword.groovy:71)
	at com.kms.katalon.core.keyword.internal.KeywordExecutor.executeKeywordForPlatform(KeywordExecutor.groovy:53)
	at com.kms.katalon.core.webui.keyword.WebUiBuiltInKeywords.selectOptionByValue(WebUiBuiltInKeywords.groovy:1138)
	at com.kms.katalon.core.webui.keyword.WebUiBuiltInKeywords$selectOptionByValue$4.call(Unknown Source)
	at org.codehaus.groovy.runtime.callsite.CallSiteArray.defaultCall(CallSiteArray.java:48)
	at org.codehaus.groovy.runtime.callsite.AbstractCallSite.call(AbstractCallSite.java:113)
	at org.codehaus.groovy.runtime.callsite.AbstractCallSite.call(AbstractCallSite.java:141)
	at Script1542752711245.run(Script1542752711245.groovy:43)
	at com.kms.katalon.core.main.ScriptEngine.run(ScriptEngine.java:183)
	at com.kms.katalon.core.main.ScriptEngine.runScriptAsRawText(ScriptEngine.java:108)
	at com.kms.katalon.core.main.TestCaseExecutor.runScript(TestCaseExecutor.java:294)
	at com.kms.katalon.core.main.TestCaseExecutor.doExecute(TestCaseExecutor.java:285)
	at com.kms.katalon.core.main.TestCaseExecutor.processExecutionPhase(TestCaseExecutor.java:264)
	at com.kms.katalon.core.main.TestCaseExecutor.accessMainPhase(TestCaseExecutor.java:256)
	at com.kms.katalon.core.main.TestCaseExecutor.execute(TestCaseExecutor.java:200)
	at com.kms.katalon.core.main.TestSuiteExecutor.accessTestCaseMainPhase(TestSuiteExecutor.java:129)
	at com.kms.katalon.core.main.TestSuiteExecutor.accessTestSuiteMainPhase(TestSuiteExecutor.java:112)
	at com.kms.katalon.core.main.TestSuiteExecutor.execute(TestSuiteExecutor.java:81)
	at com.kms.katalon.core.main.TestCaseMain.startTestSuite(TestCaseMain.java:142)
	at com.kms.katalon.core.main.TestCaseMain$startTestSuite$0.call(Unknown Source)
	at org.codehaus.groovy.runtime.callsite.CallSiteArray.defaultCall(CallSiteArray.java:48)
	at org.codehaus.groovy.runtime.callsite.AbstractCallSite.call(AbstractCallSite.java:113)
	at org.codehaus.groovy.runtime.callsite.AbstractCallSite.call(AbstractCallSite.java:141)
	at TempTestSuite1542754531622.run(TempTestSuite1542754531622.groovy:36)
	at groovy.lang.GroovyShell.runScriptOrMainOrTestOrRunnable(GroovyShell.java:263)
	at groovy.lang.GroovyShell.run(GroovyShell.java:518)
	at groovy.lang.GroovyShell.run(GroovyShell.java:507)
	at groovy.ui.GroovyMain.processOnce(GroovyMain.java:653)
	at groovy.ui.GroovyMain.run(GroovyMain.java:384)
	at groovy.ui.GroovyMain.process(GroovyMain.java:370)
	at groovy.ui.GroovyMain.processArgs(GroovyMain.java:129)
	at groovy.ui.GroovyMain.main(GroovyMain.java:109)
	at sun.reflect.NativeMethodAccessorImpl.invoke0(Native Method)
	at sun.reflect.NativeMethodAccessorImpl.invoke(NativeMethodAccessorImpl.java:62)
	at sun.reflect.DelegatingMethodAccessorImpl.invoke(DelegatingMethodAccessorImpl.java:43)
	at java.lang.reflect.Method.invoke(Method.java:498)
	at org.codehaus.groovy.tools.GroovyStarter.rootLoader(GroovyStarter.java:109)
	at org.codehaus.groovy.tools.GroovyStarter.main(GroovyStarter.java:131)
)"/>
         <system-out><![CDATA[2018-11-20 17:56:54 - [TEST_CASE][FAILED] - Test Cases/Offer ID 394 - Regression-StandardExpires-Trial: Test Cases/Offer ID 394 - Regression-StandardExpires-Trial FAILED because (of) (Stack trace: com.kms.katalon.core.exception.StepFailedException: Unable to select option by value '207' of object 'Object Repository/LL -Place Order Page/Trial Product Select'  (Root cause: org.openqa.selenium.StaleElementReferenceException: stale element reference: element is not attached to the page document
  (Session info: chrome=70.0.3538.102)
  (Driver info: chromedriver=2.43.600210 (68dcf5eebde37173d4027fa8635e332711d2874a),platform=Windows NT 10.0.17134 x86_64) (WARNING: The server did not provide any stacktrace information)
Command duration or timeout: 0 milliseconds
For documentation on this error, please visit: http://seleniumhq.org/exceptions/stale_element_reference.html
Build info: version: '3.7.1', revision: '8a0099a', time: '2017-11-06T21:07:36.161Z'
System info: host: 'LAPTOP-9VMM7G2Q', ip: '192.168.132.61', os.name: 'Windows 10', os.arch: 'amd64', os.version: '10.0', java.version: '1.8.0_181'
Driver info: com.kms.katalon.selenium.driver.CChromeDriver
Capabilities {acceptInsecureCerts: false, acceptSslCerts: false, applicationCacheEnabled: false, browserConnectionEnabled: false, browserName: chrome, chrome: {chromedriverVersion: 2.43.600210 (68dcf5eebde371..., userDataDir: C:\Users\MATTMA~1\AppData\L...}, cssSelectorsEnabled: true, databaseEnabled: false, goog:chromeOptions: {debuggerAddress: localhost:58349}, handlesAlerts: true, hasTouchScreen: false, javascriptEnabled: true, locationContextEnabled: true, mobileEmulationEnabled: false, nativeEvents: true, networkConnectionEnabled: false, pageLoadStrategy: normal, platform: XP, platformName: XP, rotatable: false, setWindowRect: true, takesHeapSnapshot: true, takesScreenshot: true, unexpectedAlertBehaviour: , unhandledPromptBehavior: , version: 70.0.3538.102, webStorageEnabled: true}
Session ID: 3ede58f748b191fabc615e374ca893a4)
	at com.kms.katalon.core.keyword.internal.KeywordMain.stepFailed(KeywordMain.groovy:36)
	at com.kms.katalon.core.webui.keyword.internal.WebUIKeywordMain.stepFailed(WebUIKeywordMain.groovy:65)
	at com.kms.katalon.core.webui.keyword.internal.WebUIKeywordMain.runKeyword(WebUIKeywordMain.groovy:27)
	at com.kms.katalon.core.webui.keyword.builtin.SelectOptionByValueKeyword.selectOptionByValue(SelectOptionByValueKeyword.groovy:99)
	at com.kms.katalon.core.webui.keyword.builtin.SelectOptionByValueKeyword.execute(SelectOptionByValueKeyword.groovy:71)
	at com.kms.katalon.core.keyword.internal.KeywordExecutor.executeKeywordForPlatform(KeywordExecutor.groovy:53)
	at com.kms.katalon.core.webui.keyword.WebUiBuiltInKeywords.selectOptionByValue(WebUiBuiltInKeywords.groovy:1138)
	at com.kms.katalon.core.webui.keyword.WebUiBuiltInKeywords$selectOptionByValue$4.call(Unknown Source)
	at org.codehaus.groovy.runtime.callsite.CallSiteArray.defaultCall(CallSiteArray.java:48)
	at org.codehaus.groovy.runtime.callsite.AbstractCallSite.call(AbstractCallSite.java:113)
	at org.codehaus.groovy.runtime.callsite.AbstractCallSite.call(AbstractCallSite.java:141)
	at Script1542752711245.run(Script1542752711245.groovy:43)
	at com.kms.katalon.core.main.ScriptEngine.run(ScriptEngine.java:183)
	at com.kms.katalon.core.main.ScriptEngine.runScriptAsRawText(ScriptEngine.java:108)
	at com.kms.katalon.core.main.TestCaseExecutor.runScript(TestCaseExecutor.java:294)
	at com.kms.katalon.core.main.TestCaseExecutor.doExecute(TestCaseExecutor.java:285)
	at com.kms.katalon.core.main.TestCaseExecutor.processExecutionPhase(TestCaseExecutor.java:264)
	at com.kms.katalon.core.main.TestCaseExecutor.accessMainPhase(TestCaseExecutor.java:256)
	at com.kms.katalon.core.main.TestCaseExecutor.execute(TestCaseExecutor.java:200)
	at com.kms.katalon.core.main.TestSuiteExecutor.accessTestCaseMainPhase(TestSuiteExecutor.java:129)
	at com.kms.katalon.core.main.TestSuiteExecutor.accessTestSuiteMainPhase(TestSuiteExecutor.java:112)
	at com.kms.katalon.core.main.TestSuiteExecutor.execute(TestSuiteExecutor.java:81)
	at com.kms.katalon.core.main.TestCaseMain.startTestSuite(TestCaseMain.java:142)
	at com.kms.katalon.core.main.TestCaseMain$startTestSuite$0.call(Unknown Source)
	at org.codehaus.groovy.runtime.callsite.CallSiteArray.defaultCall(CallSiteArray.java:48)
	at org.codehaus.groovy.runtime.callsite.AbstractCallSite.call(AbstractCallSite.java:113)
	at org.codehaus.groovy.runtime.callsite.AbstractCallSite.call(AbstractCallSite.java:141)
	at TempTestSuite1542754531622.run(TempTestSuite1542754531622.groovy:36)
	at groovy.lang.GroovyShell.runScriptOrMainOrTestOrRunnable(GroovyShell.java:263)
	at groovy.lang.GroovyShell.run(GroovyShell.java:518)
	at groovy.lang.GroovyShell.run(GroovyShell.java:507)
	at groovy.ui.GroovyMain.processOnce(GroovyMain.java:653)
	at groovy.ui.GroovyMain.run(GroovyMain.java:384)
	at groovy.ui.GroovyMain.process(GroovyMain.java:370)
	at groovy.ui.GroovyMain.processArgs(GroovyMain.java:129)
	at groovy.ui.GroovyMain.main(GroovyMain.java:109)
	at sun.reflect.NativeMethodAccessorImpl.invoke0(Native Method)
	at sun.reflect.NativeMethodAccessorImpl.invoke(NativeMethodAccessorImpl.java:62)
	at sun.reflect.DelegatingMethodAccessorImpl.invoke(DelegatingMethodAccessorImpl.java:43)
	at java.lang.reflect.Method.invoke(Method.java:498)
	at org.codehaus.groovy.tools.GroovyStarter.rootLoader(GroovyStarter.java:109)
	at org.codehaus.groovy.tools.GroovyStarter.main(GroovyStarter.java:131)
)

2018-11-20 17:56:55 - [TEST_STEP][PASSED] - openBrowser: Browser is opened with url: 'https://test-dnvb.qa1.limelightcrm.com/admin/login.php?'

2018-11-20 17:56:55 - [MESSAGE][WARNING] - A browser is already opened. Closing browser and opening a new one

2018-11-20 17:57:00 - [MESSAGE][PASSED] - Browser is opened with url: 'https://test-dnvb.qa1.limelightcrm.com/admin/login.php?'

2018-11-20 17:57:00 - [TEST_STEP][PASSED] - setText: Text 'mattauto' is set on object 'Object Repository/LL - Log In/Username Field'

2018-11-20 17:57:00 - [MESSAGE][PASSED] - Text 'mattauto' is set on object 'Object Repository/LL - Log In/Username Field'

2018-11-20 17:57:00 - [TEST_STEP][PASSED] - setText: Text 'Testing123!' is set on object 'Object Repository/LL - Log In/Password Field'

2018-11-20 17:57:00 - [MESSAGE][PASSED] - Text 'Testing123!' is set on object 'Object Repository/LL - Log In/Password Field'

2018-11-20 17:57:00 - [TEST_STEP][PASSED] - click: Object: 'Object Repository/LL - Log In/Log In Button' is clicked on

2018-11-20 17:57:05 - [MESSAGE][PASSED] - Object: 'Object Repository/LL - Log In/Log In Button' is clicked on

2018-11-20 17:57:05 - [TEST_STEP][PASSED] - waitForElementVisible: Object 'Object Repository/LL - Dashboard/Dashboard Header' is visible

2018-11-20 17:57:05 - [MESSAGE][WARNING] - Timeout '0' is invalid. Using default page load timeout: '30'

2018-11-20 17:57:05 - [MESSAGE][PASSED] - Object 'Object Repository/LL - Dashboard/Dashboard Header' is visible

2018-11-20 17:57:05 - [TEST_STEP][PASSED] - navigateToUrl: Navigate to 'https://test-dnvb.qa1.limelightcrm.com/admin/placeorder.php' successfully

2018-11-20 17:57:07 - [MESSAGE][PASSED] - Navigate to 'https://test-dnvb.qa1.limelightcrm.com/admin/placeorder.php' successfully

2018-11-20 17:57:07 - [TEST_STEP][PASSED] - selectOptionByValue: All options with value '137' are selected in object 'Object Repository/LL -Place Order Page/Campaign Select' 

2018-11-20 17:57:08 - [MESSAGE][PASSED] - All options with value '137' are selected in object 'Object Repository/LL -Place Order Page/Campaign Select' 

2018-11-20 17:57:08 - [TEST_STEP][PASSED] - selectOptionByValue: All options with value '394' are selected in object 'Object Repository/LL -Place Order Page/Offer Select' 

2018-11-20 17:57:08 - [MESSAGE][PASSED] - All options with value '394' are selected in object 'Object Repository/LL -Place Order Page/Offer Select' 

2018-11-20 17:57:08 - [TEST_STEP][PASSED] - waitForPageLoad: Wait for page load successfully

2018-11-20 17:57:08 - [MESSAGE][PASSED] - Wait for page load successfully

2018-11-20 17:57:08 - [TEST_STEP][FAILED] - selectOptionByValue: Unable to select option by value '207' of object 'Object Repository/LL -Place Order Page/Trial Product Select'  (Root cause: org.openqa.selenium.StaleElementReferenceException: stale element reference: element is not attached to the page document
  (Session info: chrome=70.0.3538.102)
  (Driver info: chromedriver=2.43.600210 (68dcf5eebde37173d4027fa8635e332711d2874a),platform=Windows NT 10.0.17134 x86_64) (WARNING: The server did not provide any stacktrace information)
Command duration or timeout: 0 milliseconds
For documentation on this error, please visit: http://seleniumhq.org/exceptions/stale_element_reference.html
Build info: version: '3.7.1', revision: '8a0099a', time: '2017-11-06T21:07:36.161Z'
System info: host: 'LAPTOP-9VMM7G2Q', ip: '192.168.132.61', os.name: 'Windows 10', os.arch: 'amd64', os.version: '10.0', java.version: '1.8.0_181'
Driver info: com.kms.katalon.selenium.driver.CChromeDriver
Capabilities {acceptInsecureCerts: false, acceptSslCerts: false, applicationCacheEnabled: false, browserConnectionEnabled: false, browserName: chrome, chrome: {chromedriverVersion: 2.43.600210 (68dcf5eebde371..., userDataDir: C:\Users\MATTMA~1\AppData\L...}, cssSelectorsEnabled: true, databaseEnabled: false, goog:chromeOptions: {debuggerAddress: localhost:58349}, handlesAlerts: true, hasTouchScreen: false, javascriptEnabled: true, locationContextEnabled: true, mobileEmulationEnabled: false, nativeEvents: true, networkConnectionEnabled: false, pageLoadStrategy: normal, platform: XP, platformName: XP, rotatable: false, setWindowRect: true, takesHeapSnapshot: true, takesScreenshot: true, unexpectedAlertBehaviour: , unhandledPromptBehavior: , version: 70.0.3538.102, webStorageEnabled: true}
Session ID: 3ede58f748b191fabc615e374ca893a4)

2018-11-20 17:57:09 - [MESSAGE][FAILED] - Unable to select option by value '207' of object 'Object Repository/LL -Place Order Page/Trial Product Select'  (Root cause: org.openqa.selenium.StaleElementReferenceException: stale element reference: element is not attached to the page document
  (Session info: chrome=70.0.3538.102)
  (Driver info: chromedriver=2.43.600210 (68dcf5eebde37173d4027fa8635e332711d2874a),platform=Windows NT 10.0.17134 x86_64) (WARNING: The server did not provide any stacktrace information)
Command duration or timeout: 0 milliseconds
For documentation on this error, please visit: http://seleniumhq.org/exceptions/stale_element_reference.html
Build info: version: '3.7.1', revision: '8a0099a', time: '2017-11-06T21:07:36.161Z'
System info: host: 'LAPTOP-9VMM7G2Q', ip: '192.168.132.61', os.name: 'Windows 10', os.arch: 'amd64', os.version: '10.0', java.version: '1.8.0_181'
Driver info: com.kms.katalon.selenium.driver.CChromeDriver
Capabilities {acceptInsecureCerts: false, acceptSslCerts: false, applicationCacheEnabled: false, browserConnectionEnabled: false, browserName: chrome, chrome: {chromedriverVersion: 2.43.600210 (68dcf5eebde371..., userDataDir: C:\Users\MATTMA~1\AppData\L...}, cssSelectorsEnabled: true, databaseEnabled: false, goog:chromeOptions: {debuggerAddress: localhost:58349}, handlesAlerts: true, hasTouchScreen: false, javascriptEnabled: true, locationContextEnabled: true, mobileEmulationEnabled: false, nativeEvents: true, networkConnectionEnabled: false, pageLoadStrategy: normal, platform: XP, platformName: XP, rotatable: false, setWindowRect: true, takesHeapSnapshot: true, takesScreenshot: true, unexpectedAlertBehaviour: , unhandledPromptBehavior: , version: 70.0.3538.102, webStorageEnabled: true}
Session ID: 3ede58f748b191fabc615e374ca893a4)
[[ATTACHMENT|C:\\Users\\Matt Martin\\Katalon Studio\\Matt Demo Tests\\Reports\\Offer Tests\\20181120_175531\\1542754629134.png]]]]></system-out>
         <system-err><![CDATA[2018-11-20 17:56:54 - [TEST_CASE][FAILED] - Test Cases/Offer ID 394 - Regression-StandardExpires-Trial: Test Cases/Offer ID 394 - Regression-StandardExpires-Trial FAILED because (of) (Stack trace: com.kms.katalon.core.exception.StepFailedException: Unable to select option by value '207' of object 'Object Repository/LL -Place Order Page/Trial Product Select'  (Root cause: org.openqa.selenium.StaleElementReferenceException: stale element reference: element is not attached to the page document
  (Session info: chrome=70.0.3538.102)
  (Driver info: chromedriver=2.43.600210 (68dcf5eebde37173d4027fa8635e332711d2874a),platform=Windows NT 10.0.17134 x86_64) (WARNING: The server did not provide any stacktrace information)
Command duration or timeout: 0 milliseconds
For documentation on this error, please visit: http://seleniumhq.org/exceptions/stale_element_reference.html
Build info: version: '3.7.1', revision: '8a0099a', time: '2017-11-06T21:07:36.161Z'
System info: host: 'LAPTOP-9VMM7G2Q', ip: '192.168.132.61', os.name: 'Windows 10', os.arch: 'amd64', os.version: '10.0', java.version: '1.8.0_181'
Driver info: com.kms.katalon.selenium.driver.CChromeDriver
Capabilities {acceptInsecureCerts: false, acceptSslCerts: false, applicationCacheEnabled: false, browserConnectionEnabled: false, browserName: chrome, chrome: {chromedriverVersion: 2.43.600210 (68dcf5eebde371..., userDataDir: C:\Users\MATTMA~1\AppData\L...}, cssSelectorsEnabled: true, databaseEnabled: false, goog:chromeOptions: {debuggerAddress: localhost:58349}, handlesAlerts: true, hasTouchScreen: false, javascriptEnabled: true, locationContextEnabled: true, mobileEmulationEnabled: false, nativeEvents: true, networkConnectionEnabled: false, pageLoadStrategy: normal, platform: XP, platformName: XP, rotatable: false, setWindowRect: true, takesHeapSnapshot: true, takesScreenshot: true, unexpectedAlertBehaviour: , unhandledPromptBehavior: , version: 70.0.3538.102, webStorageEnabled: true}
Session ID: 3ede58f748b191fabc615e374ca893a4)
	at com.kms.katalon.core.keyword.internal.KeywordMain.stepFailed(KeywordMain.groovy:36)
	at com.kms.katalon.core.webui.keyword.internal.WebUIKeywordMain.stepFailed(WebUIKeywordMain.groovy:65)
	at com.kms.katalon.core.webui.keyword.internal.WebUIKeywordMain.runKeyword(WebUIKeywordMain.groovy:27)
	at com.kms.katalon.core.webui.keyword.builtin.SelectOptionByValueKeyword.selectOptionByValue(SelectOptionByValueKeyword.groovy:99)
	at com.kms.katalon.core.webui.keyword.builtin.SelectOptionByValueKeyword.execute(SelectOptionByValueKeyword.groovy:71)
	at com.kms.katalon.core.keyword.internal.KeywordExecutor.executeKeywordForPlatform(KeywordExecutor.groovy:53)
	at com.kms.katalon.core.webui.keyword.WebUiBuiltInKeywords.selectOptionByValue(WebUiBuiltInKeywords.groovy:1138)
	at com.kms.katalon.core.webui.keyword.WebUiBuiltInKeywords$selectOptionByValue$4.call(Unknown Source)
	at org.codehaus.groovy.runtime.callsite.CallSiteArray.defaultCall(CallSiteArray.java:48)
	at org.codehaus.groovy.runtime.callsite.AbstractCallSite.call(AbstractCallSite.java:113)
	at org.codehaus.groovy.runtime.callsite.AbstractCallSite.call(AbstractCallSite.java:141)
	at Script1542752711245.run(Script1542752711245.groovy:43)
	at com.kms.katalon.core.main.ScriptEngine.run(ScriptEngine.java:183)
	at com.kms.katalon.core.main.ScriptEngine.runScriptAsRawText(ScriptEngine.java:108)
	at com.kms.katalon.core.main.TestCaseExecutor.runScript(TestCaseExecutor.java:294)
	at com.kms.katalon.core.main.TestCaseExecutor.doExecute(TestCaseExecutor.java:285)
	at com.kms.katalon.core.main.TestCaseExecutor.processExecutionPhase(TestCaseExecutor.java:264)
	at com.kms.katalon.core.main.TestCaseExecutor.accessMainPhase(TestCaseExecutor.java:256)
	at com.kms.katalon.core.main.TestCaseExecutor.execute(TestCaseExecutor.java:200)
	at com.kms.katalon.core.main.TestSuiteExecutor.accessTestCaseMainPhase(TestSuiteExecutor.java:129)
	at com.kms.katalon.core.main.TestSuiteExecutor.accessTestSuiteMainPhase(TestSuiteExecutor.java:112)
	at com.kms.katalon.core.main.TestSuiteExecutor.execute(TestSuiteExecutor.java:81)
	at com.kms.katalon.core.main.TestCaseMain.startTestSuite(TestCaseMain.java:142)
	at com.kms.katalon.core.main.TestCaseMain$startTestSuite$0.call(Unknown Source)
	at org.codehaus.groovy.runtime.callsite.CallSiteArray.defaultCall(CallSiteArray.java:48)
	at org.codehaus.groovy.runtime.callsite.AbstractCallSite.call(AbstractCallSite.java:113)
	at org.codehaus.groovy.runtime.callsite.AbstractCallSite.call(AbstractCallSite.java:141)
	at TempTestSuite1542754531622.run(TempTestSuite1542754531622.groovy:36)
	at groovy.lang.GroovyShell.runScriptOrMainOrTestOrRunnable(GroovyShell.java:263)
	at groovy.lang.GroovyShell.run(GroovyShell.java:518)
	at groovy.lang.GroovyShell.run(GroovyShell.java:507)
	at groovy.ui.GroovyMain.processOnce(GroovyMain.java:653)
	at groovy.ui.GroovyMain.run(GroovyMain.java:384)
	at groovy.ui.GroovyMain.process(GroovyMain.java:370)
	at groovy.ui.GroovyMain.processArgs(GroovyMain.java:129)
	at groovy.ui.GroovyMain.main(GroovyMain.java:109)
	at sun.reflect.NativeMethodAccessorImpl.invoke0(Native Method)
	at sun.reflect.NativeMethodAccessorImpl.invoke(NativeMethodAccessorImpl.java:62)
	at sun.reflect.DelegatingMethodAccessorImpl.invoke(DelegatingMethodAccessorImpl.java:43)
	at java.lang.reflect.Method.invoke(Method.java:498)
	at org.codehaus.groovy.tools.GroovyStarter.rootLoader(GroovyStarter.java:109)
	at org.codehaus.groovy.tools.GroovyStarter.main(GroovyStarter.java:131)
)]]></system-err>
      </testcase>
      <testcase name="Test Cases/Offer ID 394 - Regression-StandardExpires" classname="Test Cases/Offer ID 394 - Regression-StandardExpires" status="PASSED">
         <system-out><![CDATA[2018-11-20 17:57:09 - [TEST_CASE][PASSED] - Test Cases/Offer ID 394 - Regression-StandardExpires: Test Cases/Offer ID 394 - Regression-StandardExpires

2018-11-20 17:57:10 - [TEST_STEP][PASSED] - openBrowser: Browser is opened with url: 'https://test-dnvb.qa1.limelightcrm.com/admin/login.php?'

2018-11-20 17:57:10 - [MESSAGE][WARNING] - A browser is already opened. Closing browser and opening a new one

2018-11-20 17:57:15 - [MESSAGE][PASSED] - Browser is opened with url: 'https://test-dnvb.qa1.limelightcrm.com/admin/login.php?'

2018-11-20 17:57:15 - [TEST_STEP][PASSED] - setText: Text 'mattauto' is set on object 'Object Repository/LL - Log In/Username Field'

2018-11-20 17:57:15 - [MESSAGE][PASSED] - Text 'mattauto' is set on object 'Object Repository/LL - Log In/Username Field'

2018-11-20 17:57:15 - [TEST_STEP][PASSED] - setText: Text 'Testing123!' is set on object 'Object Repository/LL - Log In/Password Field'

2018-11-20 17:57:16 - [MESSAGE][PASSED] - Text 'Testing123!' is set on object 'Object Repository/LL - Log In/Password Field'

2018-11-20 17:57:16 - [TEST_STEP][PASSED] - click: Object: 'Object Repository/LL - Log In/Log In Button' is clicked on

2018-11-20 17:57:20 - [MESSAGE][PASSED] - Object: 'Object Repository/LL - Log In/Log In Button' is clicked on

2018-11-20 17:57:20 - [TEST_STEP][PASSED] - waitForElementVisible: Object 'Object Repository/LL - Dashboard/Dashboard Header' is visible

2018-11-20 17:57:20 - [MESSAGE][WARNING] - Timeout '0' is invalid. Using default page load timeout: '30'

2018-11-20 17:57:20 - [MESSAGE][PASSED] - Object 'Object Repository/LL - Dashboard/Dashboard Header' is visible

2018-11-20 17:57:20 - [TEST_STEP][PASSED] - navigateToUrl: Navigate to 'https://test-dnvb.qa1.limelightcrm.com/admin/placeorder.php' successfully

2018-11-20 17:57:21 - [MESSAGE][PASSED] - Navigate to 'https://test-dnvb.qa1.limelightcrm.com/admin/placeorder.php' successfully

2018-11-20 17:57:21 - [TEST_STEP][PASSED] - selectOptionByValue: All options with value '137' are selected in object 'Object Repository/LL -Place Order Page/Campaign Select' 

2018-11-20 17:57:22 - [MESSAGE][PASSED] - All options with value '137' are selected in object 'Object Repository/LL -Place Order Page/Campaign Select' 

2018-11-20 17:57:22 - [TEST_STEP][PASSED] - selectOptionByValue: All options with value '394' are selected in object 'Object Repository/LL -Place Order Page/Offer Select' 

2018-11-20 17:57:23 - [MESSAGE][PASSED] - All options with value '394' are selected in object 'Object Repository/LL -Place Order Page/Offer Select' 

2018-11-20 17:57:23 - [TEST_STEP][PASSED] - waitForPageLoad: Wait for page load successfully

2018-11-20 17:57:23 - [MESSAGE][PASSED] - Wait for page load successfully

2018-11-20 17:57:23 - [TEST_STEP][PASSED] - click: Object: 'Object Repository/LL -Place Order Page/Trial Checkbox' is clicked on

2018-11-20 17:57:24 - [MESSAGE][PASSED] - Object: 'Object Repository/LL -Place Order Page/Trial Checkbox' is clicked on

2018-11-20 17:57:24 - [TEST_STEP][PASSED] - selectOptionByValue: All options with value '240' are selected in object 'Object Repository/LL -Place Order Page/Billing Model Select' 

2018-11-20 17:57:24 - [MESSAGE][PASSED] - All options with value '240' are selected in object 'Object Repository/LL -Place Order Page/Billing Model Select' 

2018-11-20 17:57:24 - [TEST_STEP][PASSED] - selectOptionByValue: All options with value '207' are selected in object 'Object Repository/LL -Place Order Page/Main Product Select' 

2018-11-20 17:57:25 - [MESSAGE][PASSED] - All options with value '207' are selected in object 'Object Repository/LL -Place Order Page/Main Product Select' 

2018-11-20 17:57:25 - [TEST_STEP][PASSED] - setText: Text '123456789' is set on object 'Object Repository/LL -Place Order Page/Step Number Input'

2018-11-20 17:57:26 - [MESSAGE][PASSED] - Text '123456789' is set on object 'Object Repository/LL -Place Order Page/Step Number Input'

2018-11-20 17:57:26 - [TEST_STEP][PASSED] - selectOptionByValue: All options with value '2' are selected in object 'Object Repository/LL -Place Order Page/Shipping Method Select' 

2018-11-20 17:57:26 - [MESSAGE][PASSED] - All options with value '2' are selected in object 'Object Repository/LL -Place Order Page/Shipping Method Select' 

2018-11-20 17:57:26 - [TEST_STEP][PASSED] - setText: Text 'Matt' is set on object 'Object Repository/LL -Place Order Page/Shipping First Name Input'

2018-11-20 17:57:26 - [MESSAGE][PASSED] - Text 'Matt' is set on object 'Object Repository/LL -Place Order Page/Shipping First Name Input'

2018-11-20 17:57:26 - [TEST_STEP][PASSED] - setText: Text '7.4-Test' is set on object 'Object Repository/LL -Place Order Page/Shipping Last Name Input'

2018-11-20 17:57:27 - [MESSAGE][PASSED] - Text '7.4-Test' is set on object 'Object Repository/LL -Place Order Page/Shipping Last Name Input'

2018-11-20 17:57:27 - [TEST_STEP][PASSED] - setText: Text '123 Street' is set on object 'Object Repository/LL -Place Order Page/Shipping Address Input'

2018-11-20 17:57:28 - [MESSAGE][PASSED] - Text '123 Street' is set on object 'Object Repository/LL -Place Order Page/Shipping Address Input'

2018-11-20 17:57:28 - [TEST_STEP][PASSED] - setText: Text 'APT 123' is set on object 'Object Repository/LL -Place Order Page/Shipping Address 2 Input'

2018-11-20 17:57:28 - [MESSAGE][PASSED] - Text 'APT 123' is set on object 'Object Repository/LL -Place Order Page/Shipping Address 2 Input'

2018-11-20 17:57:28 - [TEST_STEP][PASSED] - setText: Text 'Tampa' is set on object 'Object Repository/LL -Place Order Page/Shipping City Input'

2018-11-20 17:57:29 - [MESSAGE][PASSED] - Text 'Tampa' is set on object 'Object Repository/LL -Place Order Page/Shipping City Input'

2018-11-20 17:57:29 - [TEST_STEP][PASSED] - setText: Text '12345' is set on object 'Object Repository/LL -Place Order Page/Shipping Zip Code Input'

2018-11-20 17:57:29 - [MESSAGE][PASSED] - Text '12345' is set on object 'Object Repository/LL -Place Order Page/Shipping Zip Code Input'

2018-11-20 17:57:29 - [TEST_STEP][PASSED] - selectOptionByValue: All options with value '223' are selected in object 'Object Repository/LL -Place Order Page/Shipping Country Select' 

2018-11-20 17:57:29 - [MESSAGE][PASSED] - All options with value '223' are selected in object 'Object Repository/LL -Place Order Page/Shipping Country Select' 

2018-11-20 17:57:29 - [TEST_STEP][PASSED] - selectOptionByValue: All options with value 'FL' are selected in object 'Object Repository/LL -Place Order Page/Shipping State Select' 

2018-11-20 17:57:30 - [MESSAGE][PASSED] - All options with value 'FL' are selected in object 'Object Repository/LL -Place Order Page/Shipping State Select' 

2018-11-20 17:57:30 - [TEST_STEP][PASSED] - setText: Text '555-555-5555' is set on object 'Object Repository/LL -Place Order Page/Phone Input'

2018-11-20 17:57:30 - [MESSAGE][PASSED] - Text '555-555-5555' is set on object 'Object Repository/LL -Place Order Page/Phone Input'

2018-11-20 17:57:30 - [TEST_STEP][PASSED] - setText: Text 'matt@7.4Test.com' is set on object 'Object Repository/LL -Place Order Page/Email Input'

2018-11-20 17:57:31 - [MESSAGE][PASSED] - Text 'matt@7.4Test.com' is set on object 'Object Repository/LL -Place Order Page/Email Input'

2018-11-20 17:57:31 - [TEST_STEP][PASSED] - click: Object: 'Object Repository/LL -Place Order Page/Affiliate-Sub-Affiliate Checkbox' is clicked on

2018-11-20 17:57:31 - [MESSAGE][PASSED] - Object: 'Object Repository/LL -Place Order Page/Affiliate-Sub-Affiliate Checkbox' is clicked on

2018-11-20 17:57:31 - [TEST_STEP][PASSED] - setText: Text 'AFID' is set on object 'Object Repository/LL -Place Order Page/AFID Input'

2018-11-20 17:57:32 - [MESSAGE][PASSED] - Text 'AFID' is set on object 'Object Repository/LL -Place Order Page/AFID Input'

2018-11-20 17:57:32 - [TEST_STEP][PASSED] - setText: Text 'SID' is set on object 'Object Repository/LL -Place Order Page/SID Input'

2018-11-20 17:57:32 - [MESSAGE][PASSED] - Text 'SID' is set on object 'Object Repository/LL -Place Order Page/SID Input'

2018-11-20 17:57:32 - [TEST_STEP][PASSED] - selectOptionByValue: All options with value 'visa' are selected in object 'Object Repository/LL -Place Order Page/Payment Type Select' 

2018-11-20 17:57:33 - [MESSAGE][PASSED] - All options with value 'visa' are selected in object 'Object Repository/LL -Place Order Page/Payment Type Select' 

2018-11-20 17:57:33 - [TEST_STEP][PASSED] - setText: Text '5555555555555555' is set on object 'Object Repository/LL -Place Order Page/Credit Card Number Input'

2018-11-20 17:57:33 - [MESSAGE][PASSED] - Text '5555555555555555' is set on object 'Object Repository/LL -Place Order Page/Credit Card Number Input'

2018-11-20 17:57:33 - [TEST_STEP][PASSED] - selectOptionByValue: All options with value '01' are selected in object 'Object Repository/LL -Place Order Page/Expiration Date-Month Select' 

2018-11-20 17:57:34 - [MESSAGE][PASSED] - All options with value '01' are selected in object 'Object Repository/LL -Place Order Page/Expiration Date-Month Select' 

2018-11-20 17:57:34 - [TEST_STEP][PASSED] - selectOptionByValue: All options with value '30' are selected in object 'Object Repository/LL -Place Order Page/Expiration Date-Year Select' 

2018-11-20 17:57:34 - [MESSAGE][PASSED] - All options with value '30' are selected in object 'Object Repository/LL -Place Order Page/Expiration Date-Year Select' 

2018-11-20 17:57:34 - [TEST_STEP][PASSED] - setText: Text '1234' is set on object 'Object Repository/LL -Place Order Page/Security Code Input'

2018-11-20 17:57:34 - [MESSAGE][PASSED] - Text '1234' is set on object 'Object Repository/LL -Place Order Page/Security Code Input'

2018-11-20 17:57:34 - [TEST_STEP][PASSED] - click: Object: 'Object Repository/LL -Place Order Page/Process Order Button' is clicked on

2018-11-20 17:57:37 - [MESSAGE][PASSED] - Object: 'Object Repository/LL -Place Order Page/Process Order Button' is clicked on

2018-11-20 17:57:37 - [TEST_STEP][PASSED] - verifyTextPresent: Text 'Place Order 'SUCCESS'' is present on page 

2018-11-20 17:57:38 - [MESSAGE][PASSED] - Text 'Place Order 'SUCCESS'' is present on page 

2018-11-20 17:57:38 - [TEST_STEP][PASSED] - click: Object: 'Object Repository/LL -Place Order Page/Order ID Link' is clicked on

2018-11-20 17:57:40 - [MESSAGE][PASSED] - Object: 'Object Repository/LL -Place Order Page/Order ID Link' is clicked on

2018-11-20 17:57:40 - [TEST_STEP][PASSED] - waitForPageLoad: Wait for page load successfully

2018-11-20 17:57:40 - [MESSAGE][PASSED] - Wait for page load successfully

2018-11-20 17:57:40 - [TEST_STEP][PASSED] - verifyTextPresent: Text 'matt@7.4Test.com' is present on page 

2018-11-20 17:57:41 - [MESSAGE][PASSED] - Text 'matt@7.4Test.com' is present on page 

2018-11-20 17:57:41 - [TEST_STEP][PASSED] - verifyTextPresent: Text 'By Lime Light CRM API - Product 207 was purchased using offer 394, billing model 240. ' is present on page 

2018-11-20 17:57:42 - [MESSAGE][PASSED] - Text 'By Lime Light CRM API - Product 207 was purchased using offer 394, billing model 240. ' is present on page]]></system-out>
         <system-err><![CDATA[]]></system-err>
      </testcase>
      <testcase name="Test Cases/Offer ID 396 - Regression-StandardCustomRecurring-Trial" classname="Test Cases/Offer ID 396 - Regression-StandardCustomRecurring-Trial" status="PASSED">
         <system-out><![CDATA[2018-11-20 17:57:42 - [TEST_CASE][PASSED] - Test Cases/Offer ID 396 - Regression-StandardCustomRecurring-Trial: Test Cases/Offer ID 396 - Regression-StandardCustomRecurring-Trial

2018-11-20 17:57:42 - [TEST_STEP][PASSED] - openBrowser: Browser is opened with url: 'https://test-dnvb.qa1.limelightcrm.com/admin/login.php?'

2018-11-20 17:57:42 - [MESSAGE][WARNING] - A browser is already opened. Closing browser and opening a new one

2018-11-20 17:57:47 - [MESSAGE][PASSED] - Browser is opened with url: 'https://test-dnvb.qa1.limelightcrm.com/admin/login.php?'

2018-11-20 17:57:47 - [TEST_STEP][PASSED] - setText: Text 'mattauto' is set on object 'Object Repository/LL - Log In/Username Field'

2018-11-20 17:57:48 - [MESSAGE][PASSED] - Text 'mattauto' is set on object 'Object Repository/LL - Log In/Username Field'

2018-11-20 17:57:48 - [TEST_STEP][PASSED] - setText: Text 'Testing123!' is set on object 'Object Repository/LL - Log In/Password Field'

2018-11-20 17:57:48 - [MESSAGE][PASSED] - Text 'Testing123!' is set on object 'Object Repository/LL - Log In/Password Field'

2018-11-20 17:57:48 - [TEST_STEP][PASSED] - click: Object: 'Object Repository/LL - Log In/Log In Button' is clicked on

2018-11-20 17:57:56 - [MESSAGE][PASSED] - Object: 'Object Repository/LL - Log In/Log In Button' is clicked on

2018-11-20 17:57:56 - [TEST_STEP][PASSED] - waitForElementVisible: Object 'Object Repository/LL - Dashboard/Dashboard Header' is visible

2018-11-20 17:57:56 - [MESSAGE][WARNING] - Timeout '0' is invalid. Using default page load timeout: '30'

2018-11-20 17:57:56 - [MESSAGE][PASSED] - Object 'Object Repository/LL - Dashboard/Dashboard Header' is visible

2018-11-20 17:57:56 - [TEST_STEP][PASSED] - navigateToUrl: Navigate to 'https://test-dnvb.qa1.limelightcrm.com/admin/placeorder.php' successfully

2018-11-20 17:57:58 - [MESSAGE][PASSED] - Navigate to 'https://test-dnvb.qa1.limelightcrm.com/admin/placeorder.php' successfully

2018-11-20 17:57:58 - [TEST_STEP][PASSED] - selectOptionByValue: All options with value '137' are selected in object 'Object Repository/LL -Place Order Page/Campaign Select' 

2018-11-20 17:58:00 - [MESSAGE][PASSED] - All options with value '137' are selected in object 'Object Repository/LL -Place Order Page/Campaign Select' 

2018-11-20 17:58:00 - [TEST_STEP][PASSED] - selectOptionByValue: All options with value '396' are selected in object 'Object Repository/LL -Place Order Page/Offer Select' 

2018-11-20 17:58:00 - [MESSAGE][PASSED] - All options with value '396' are selected in object 'Object Repository/LL -Place Order Page/Offer Select' 

2018-11-20 17:58:00 - [TEST_STEP][PASSED] - waitForPageLoad: Wait for page load successfully

2018-11-20 17:58:01 - [MESSAGE][PASSED] - Wait for page load successfully

2018-11-20 17:58:01 - [TEST_STEP][PASSED] - selectOptionByValue: All options with value '207' are selected in object 'Object Repository/LL -Place Order Page/Trial Product Select' 

2018-11-20 17:58:02 - [MESSAGE][PASSED] - All options with value '207' are selected in object 'Object Repository/LL -Place Order Page/Trial Product Select' 

2018-11-20 17:58:02 - [TEST_STEP][PASSED] - selectOptionByValue: All options with value '240' are selected in object 'Object Repository/LL -Place Order Page/Billing Model Select' 

2018-11-20 17:58:02 - [MESSAGE][PASSED] - All options with value '240' are selected in object 'Object Repository/LL -Place Order Page/Billing Model Select' 

2018-11-20 17:58:02 - [TEST_STEP][PASSED] - selectOptionByValue: All options with value '207' are selected in object 'Object Repository/LL -Place Order Page/Main Product Select' 

2018-11-20 17:58:03 - [MESSAGE][PASSED] - All options with value '207' are selected in object 'Object Repository/LL -Place Order Page/Main Product Select' 

2018-11-20 17:58:03 - [TEST_STEP][PASSED] - setText: Text '123456789' is set on object 'Object Repository/LL -Place Order Page/Step Number Input'

2018-11-20 17:58:04 - [MESSAGE][PASSED] - Text '123456789' is set on object 'Object Repository/LL -Place Order Page/Step Number Input'

2018-11-20 17:58:04 - [TEST_STEP][PASSED] - selectOptionByValue: All options with value '2' are selected in object 'Object Repository/LL -Place Order Page/Shipping Method Select' 

2018-11-20 17:58:04 - [MESSAGE][PASSED] - All options with value '2' are selected in object 'Object Repository/LL -Place Order Page/Shipping Method Select' 

2018-11-20 17:58:04 - [TEST_STEP][PASSED] - setText: Text 'Matt' is set on object 'Object Repository/LL -Place Order Page/Shipping First Name Input'

2018-11-20 17:58:05 - [MESSAGE][PASSED] - Text 'Matt' is set on object 'Object Repository/LL -Place Order Page/Shipping First Name Input'

2018-11-20 17:58:05 - [TEST_STEP][PASSED] - setText: Text '7.4-Test' is set on object 'Object Repository/LL -Place Order Page/Shipping Last Name Input'

2018-11-20 17:58:06 - [MESSAGE][PASSED] - Text '7.4-Test' is set on object 'Object Repository/LL -Place Order Page/Shipping Last Name Input'

2018-11-20 17:58:06 - [TEST_STEP][PASSED] - setText: Text '123 Street' is set on object 'Object Repository/LL -Place Order Page/Shipping Address Input'

2018-11-20 17:58:06 - [MESSAGE][PASSED] - Text '123 Street' is set on object 'Object Repository/LL -Place Order Page/Shipping Address Input'

2018-11-20 17:58:06 - [TEST_STEP][PASSED] - setText: Text 'APT 123' is set on object 'Object Repository/LL -Place Order Page/Shipping Address 2 Input'

2018-11-20 17:58:07 - [MESSAGE][PASSED] - Text 'APT 123' is set on object 'Object Repository/LL -Place Order Page/Shipping Address 2 Input'

2018-11-20 17:58:07 - [TEST_STEP][PASSED] - setText: Text 'Tampa' is set on object 'Object Repository/LL -Place Order Page/Shipping City Input'

2018-11-20 17:58:08 - [MESSAGE][PASSED] - Text 'Tampa' is set on object 'Object Repository/LL -Place Order Page/Shipping City Input'

2018-11-20 17:58:08 - [TEST_STEP][PASSED] - setText: Text '12345' is set on object 'Object Repository/LL -Place Order Page/Shipping Zip Code Input'

2018-11-20 17:58:08 - [MESSAGE][PASSED] - Text '12345' is set on object 'Object Repository/LL -Place Order Page/Shipping Zip Code Input'

2018-11-20 17:58:08 - [TEST_STEP][PASSED] - selectOptionByValue: All options with value '223' are selected in object 'Object Repository/LL -Place Order Page/Shipping Country Select' 

2018-11-20 17:58:08 - [MESSAGE][PASSED] - All options with value '223' are selected in object 'Object Repository/LL -Place Order Page/Shipping Country Select' 

2018-11-20 17:58:08 - [TEST_STEP][PASSED] - selectOptionByValue: All options with value 'FL' are selected in object 'Object Repository/LL -Place Order Page/Shipping State Select' 

2018-11-20 17:58:09 - [MESSAGE][PASSED] - All options with value 'FL' are selected in object 'Object Repository/LL -Place Order Page/Shipping State Select' 

2018-11-20 17:58:09 - [TEST_STEP][PASSED] - setText: Text '555-555-5555' is set on object 'Object Repository/LL -Place Order Page/Phone Input'

2018-11-20 17:58:09 - [MESSAGE][PASSED] - Text '555-555-5555' is set on object 'Object Repository/LL -Place Order Page/Phone Input'

2018-11-20 17:58:09 - [TEST_STEP][PASSED] - setText: Text 'matt@7.4Test.com' is set on object 'Object Repository/LL -Place Order Page/Email Input'

2018-11-20 17:58:10 - [MESSAGE][PASSED] - Text 'matt@7.4Test.com' is set on object 'Object Repository/LL -Place Order Page/Email Input'

2018-11-20 17:58:10 - [TEST_STEP][PASSED] - click: Object: 'Object Repository/LL -Place Order Page/Affiliate-Sub-Affiliate Checkbox' is clicked on

2018-11-20 17:58:10 - [MESSAGE][PASSED] - Object: 'Object Repository/LL -Place Order Page/Affiliate-Sub-Affiliate Checkbox' is clicked on

2018-11-20 17:58:10 - [TEST_STEP][PASSED] - setText: Text 'AFID' is set on object 'Object Repository/LL -Place Order Page/AFID Input'

2018-11-20 17:58:11 - [MESSAGE][PASSED] - Text 'AFID' is set on object 'Object Repository/LL -Place Order Page/AFID Input'

2018-11-20 17:58:11 - [TEST_STEP][PASSED] - setText: Text 'SID' is set on object 'Object Repository/LL -Place Order Page/SID Input'

2018-11-20 17:58:11 - [MESSAGE][PASSED] - Text 'SID' is set on object 'Object Repository/LL -Place Order Page/SID Input'

2018-11-20 17:58:11 - [TEST_STEP][PASSED] - selectOptionByValue: All options with value 'visa' are selected in object 'Object Repository/LL -Place Order Page/Payment Type Select' 

2018-11-20 17:58:12 - [MESSAGE][PASSED] - All options with value 'visa' are selected in object 'Object Repository/LL -Place Order Page/Payment Type Select' 

2018-11-20 17:58:12 - [TEST_STEP][PASSED] - setText: Text '5555555555555555' is set on object 'Object Repository/LL -Place Order Page/Credit Card Number Input'

2018-11-20 17:58:12 - [MESSAGE][PASSED] - Text '5555555555555555' is set on object 'Object Repository/LL -Place Order Page/Credit Card Number Input'

2018-11-20 17:58:12 - [TEST_STEP][PASSED] - selectOptionByValue: All options with value '01' are selected in object 'Object Repository/LL -Place Order Page/Expiration Date-Month Select' 

2018-11-20 17:58:12 - [MESSAGE][PASSED] - All options with value '01' are selected in object 'Object Repository/LL -Place Order Page/Expiration Date-Month Select' 

2018-11-20 17:58:12 - [TEST_STEP][PASSED] - selectOptionByValue: All options with value '30' are selected in object 'Object Repository/LL -Place Order Page/Expiration Date-Year Select' 

2018-11-20 17:58:13 - [MESSAGE][PASSED] - All options with value '30' are selected in object 'Object Repository/LL -Place Order Page/Expiration Date-Year Select' 

2018-11-20 17:58:13 - [TEST_STEP][PASSED] - setText: Text '1234' is set on object 'Object Repository/LL -Place Order Page/Security Code Input'

2018-11-20 17:58:13 - [MESSAGE][PASSED] - Text '1234' is set on object 'Object Repository/LL -Place Order Page/Security Code Input'

2018-11-20 17:58:13 - [TEST_STEP][PASSED] - click: Object: 'Object Repository/LL -Place Order Page/Process Order Button' is clicked on

2018-11-20 17:58:15 - [MESSAGE][PASSED] - Object: 'Object Repository/LL -Place Order Page/Process Order Button' is clicked on

2018-11-20 17:58:15 - [TEST_STEP][PASSED] - verifyTextPresent: Text 'Place Order 'SUCCESS'' is present on page 

2018-11-20 17:58:16 - [MESSAGE][PASSED] - Text 'Place Order 'SUCCESS'' is present on page 

2018-11-20 17:58:16 - [TEST_STEP][PASSED] - click: Object: 'Object Repository/LL -Place Order Page/Order ID Link' is clicked on

2018-11-20 17:58:18 - [MESSAGE][PASSED] - Object: 'Object Repository/LL -Place Order Page/Order ID Link' is clicked on

2018-11-20 17:58:18 - [TEST_STEP][PASSED] - waitForPageLoad: Wait for page load successfully

2018-11-20 17:58:18 - [MESSAGE][PASSED] - Wait for page load successfully

2018-11-20 17:58:18 - [TEST_STEP][PASSED] - verifyTextPresent: Text 'matt@7.4Test.com' is present on page 

2018-11-20 17:58:19 - [MESSAGE][PASSED] - Text 'matt@7.4Test.com' is present on page 

2018-11-20 17:58:19 - [TEST_STEP][PASSED] - verifyTextPresent: Text 'By Lime Light CRM API - Product 207 was purchased using offer 396, billing model 240. ' is present on page 

2018-11-20 17:58:20 - [MESSAGE][PASSED] - Text 'By Lime Light CRM API - Product 207 was purchased using offer 396, billing model 240. ' is present on page]]></system-out>
         <system-err><![CDATA[]]></system-err>
      </testcase>
      <testcase name="Test Cases/Offer ID 396 - Regression-StandardCustomRecurring" classname="Test Cases/Offer ID 396 - Regression-StandardCustomRecurring" status="PASSED">
         <system-out><![CDATA[2018-11-20 17:58:20 - [TEST_CASE][PASSED] - Test Cases/Offer ID 396 - Regression-StandardCustomRecurring: Test Cases/Offer ID 396 - Regression-StandardCustomRecurring

2018-11-20 17:58:20 - [TEST_STEP][PASSED] - openBrowser: Browser is opened with url: 'https://test-dnvb.qa1.limelightcrm.com/admin/login.php?'

2018-11-20 17:58:20 - [MESSAGE][WARNING] - A browser is already opened. Closing browser and opening a new one

2018-11-20 17:58:25 - [MESSAGE][PASSED] - Browser is opened with url: 'https://test-dnvb.qa1.limelightcrm.com/admin/login.php?'

2018-11-20 17:58:25 - [TEST_STEP][PASSED] - setText: Text 'mattauto' is set on object 'Object Repository/LL - Log In/Username Field'

2018-11-20 17:58:25 - [MESSAGE][PASSED] - Text 'mattauto' is set on object 'Object Repository/LL - Log In/Username Field'

2018-11-20 17:58:25 - [TEST_STEP][PASSED] - setText: Text 'Testing123!' is set on object 'Object Repository/LL - Log In/Password Field'

2018-11-20 17:58:26 - [MESSAGE][PASSED] - Text 'Testing123!' is set on object 'Object Repository/LL - Log In/Password Field'

2018-11-20 17:58:26 - [TEST_STEP][PASSED] - click: Object: 'Object Repository/LL - Log In/Log In Button' is clicked on

2018-11-20 17:58:33 - [MESSAGE][PASSED] - Object: 'Object Repository/LL - Log In/Log In Button' is clicked on

2018-11-20 17:58:33 - [TEST_STEP][PASSED] - waitForElementVisible: Object 'Object Repository/LL - Dashboard/Dashboard Header' is visible

2018-11-20 17:58:33 - [MESSAGE][WARNING] - Timeout '0' is invalid. Using default page load timeout: '30'

2018-11-20 17:58:37 - [MESSAGE][PASSED] - Object 'Object Repository/LL - Dashboard/Dashboard Header' is visible

2018-11-20 17:58:37 - [TEST_STEP][PASSED] - navigateToUrl: Navigate to 'https://test-dnvb.qa1.limelightcrm.com/admin/placeorder.php' successfully

2018-11-20 17:58:39 - [MESSAGE][PASSED] - Navigate to 'https://test-dnvb.qa1.limelightcrm.com/admin/placeorder.php' successfully

2018-11-20 17:58:39 - [TEST_STEP][PASSED] - selectOptionByValue: All options with value '137' are selected in object 'Object Repository/LL -Place Order Page/Campaign Select' 

2018-11-20 17:58:40 - [MESSAGE][PASSED] - All options with value '137' are selected in object 'Object Repository/LL -Place Order Page/Campaign Select' 

2018-11-20 17:58:40 - [TEST_STEP][PASSED] - selectOptionByValue: All options with value '396' are selected in object 'Object Repository/LL -Place Order Page/Offer Select' 

2018-11-20 17:58:41 - [MESSAGE][PASSED] - All options with value '396' are selected in object 'Object Repository/LL -Place Order Page/Offer Select' 

2018-11-20 17:58:41 - [TEST_STEP][PASSED] - waitForPageLoad: Wait for page load successfully

2018-11-20 17:58:41 - [MESSAGE][PASSED] - Wait for page load successfully

2018-11-20 17:58:41 - [TEST_STEP][PASSED] - click: Object: 'Object Repository/LL -Place Order Page/Trial Checkbox' is clicked on

2018-11-20 17:58:41 - [MESSAGE][PASSED] - Object: 'Object Repository/LL -Place Order Page/Trial Checkbox' is clicked on

2018-11-20 17:58:41 - [TEST_STEP][PASSED] - selectOptionByValue: All options with value '240' are selected in object 'Object Repository/LL -Place Order Page/Billing Model Select' 

2018-11-20 17:58:41 - [MESSAGE][PASSED] - All options with value '240' are selected in object 'Object Repository/LL -Place Order Page/Billing Model Select' 

2018-11-20 17:58:41 - [TEST_STEP][PASSED] - selectOptionByValue: All options with value '207' are selected in object 'Object Repository/LL -Place Order Page/Main Product Select' 

2018-11-20 17:58:42 - [MESSAGE][PASSED] - All options with value '207' are selected in object 'Object Repository/LL -Place Order Page/Main Product Select' 

2018-11-20 17:58:42 - [TEST_STEP][PASSED] - setText: Text '123456789' is set on object 'Object Repository/LL -Place Order Page/Step Number Input'

2018-11-20 17:58:42 - [MESSAGE][PASSED] - Text '123456789' is set on object 'Object Repository/LL -Place Order Page/Step Number Input'

2018-11-20 17:58:42 - [TEST_STEP][PASSED] - selectOptionByValue: All options with value '2' are selected in object 'Object Repository/LL -Place Order Page/Shipping Method Select' 

2018-11-20 17:58:43 - [MESSAGE][PASSED] - All options with value '2' are selected in object 'Object Repository/LL -Place Order Page/Shipping Method Select' 

2018-11-20 17:58:43 - [TEST_STEP][PASSED] - setText: Text 'Matt' is set on object 'Object Repository/LL -Place Order Page/Shipping First Name Input'

2018-11-20 17:58:43 - [MESSAGE][PASSED] - Text 'Matt' is set on object 'Object Repository/LL -Place Order Page/Shipping First Name Input'

2018-11-20 17:58:43 - [TEST_STEP][PASSED] - setText: Text '7.4-Test' is set on object 'Object Repository/LL -Place Order Page/Shipping Last Name Input'

2018-11-20 17:58:44 - [MESSAGE][PASSED] - Text '7.4-Test' is set on object 'Object Repository/LL -Place Order Page/Shipping Last Name Input'

2018-11-20 17:58:44 - [TEST_STEP][PASSED] - setText: Text '123 Street' is set on object 'Object Repository/LL -Place Order Page/Shipping Address Input'

2018-11-20 17:58:44 - [MESSAGE][PASSED] - Text '123 Street' is set on object 'Object Repository/LL -Place Order Page/Shipping Address Input'

2018-11-20 17:58:44 - [TEST_STEP][PASSED] - setText: Text 'APT 123' is set on object 'Object Repository/LL -Place Order Page/Shipping Address 2 Input'

2018-11-20 17:58:44 - [MESSAGE][PASSED] - Text 'APT 123' is set on object 'Object Repository/LL -Place Order Page/Shipping Address 2 Input'

2018-11-20 17:58:44 - [TEST_STEP][PASSED] - setText: Text 'Tampa' is set on object 'Object Repository/LL -Place Order Page/Shipping City Input'

2018-11-20 17:58:45 - [MESSAGE][PASSED] - Text 'Tampa' is set on object 'Object Repository/LL -Place Order Page/Shipping City Input'

2018-11-20 17:58:45 - [TEST_STEP][PASSED] - setText: Text '12345' is set on object 'Object Repository/LL -Place Order Page/Shipping Zip Code Input'

2018-11-20 17:58:45 - [MESSAGE][PASSED] - Text '12345' is set on object 'Object Repository/LL -Place Order Page/Shipping Zip Code Input'

2018-11-20 17:58:45 - [TEST_STEP][PASSED] - selectOptionByValue: All options with value '223' are selected in object 'Object Repository/LL -Place Order Page/Shipping Country Select' 

2018-11-20 17:58:45 - [MESSAGE][PASSED] - All options with value '223' are selected in object 'Object Repository/LL -Place Order Page/Shipping Country Select' 

2018-11-20 17:58:45 - [TEST_STEP][PASSED] - selectOptionByValue: All options with value 'FL' are selected in object 'Object Repository/LL -Place Order Page/Shipping State Select' 

2018-11-20 17:58:46 - [MESSAGE][PASSED] - All options with value 'FL' are selected in object 'Object Repository/LL -Place Order Page/Shipping State Select' 

2018-11-20 17:58:46 - [TEST_STEP][PASSED] - setText: Text '555-555-5555' is set on object 'Object Repository/LL -Place Order Page/Phone Input'

2018-11-20 17:58:47 - [MESSAGE][PASSED] - Text '555-555-5555' is set on object 'Object Repository/LL -Place Order Page/Phone Input'

2018-11-20 17:58:47 - [TEST_STEP][PASSED] - setText: Text 'matt@7.4Test.com' is set on object 'Object Repository/LL -Place Order Page/Email Input'

2018-11-20 17:58:47 - [MESSAGE][PASSED] - Text 'matt@7.4Test.com' is set on object 'Object Repository/LL -Place Order Page/Email Input'

2018-11-20 17:58:47 - [TEST_STEP][PASSED] - click: Object: 'Object Repository/LL -Place Order Page/Affiliate-Sub-Affiliate Checkbox' is clicked on

2018-11-20 17:58:47 - [MESSAGE][PASSED] - Object: 'Object Repository/LL -Place Order Page/Affiliate-Sub-Affiliate Checkbox' is clicked on

2018-11-20 17:58:47 - [TEST_STEP][PASSED] - setText: Text 'AFID' is set on object 'Object Repository/LL -Place Order Page/AFID Input'

2018-11-20 17:58:48 - [MESSAGE][PASSED] - Text 'AFID' is set on object 'Object Repository/LL -Place Order Page/AFID Input'

2018-11-20 17:58:48 - [TEST_STEP][PASSED] - setText: Text 'SID' is set on object 'Object Repository/LL -Place Order Page/SID Input'

2018-11-20 17:58:48 - [MESSAGE][PASSED] - Text 'SID' is set on object 'Object Repository/LL -Place Order Page/SID Input'

2018-11-20 17:58:48 - [TEST_STEP][PASSED] - selectOptionByValue: All options with value 'visa' are selected in object 'Object Repository/LL -Place Order Page/Payment Type Select' 

2018-11-20 17:58:49 - [MESSAGE][PASSED] - All options with value 'visa' are selected in object 'Object Repository/LL -Place Order Page/Payment Type Select' 

2018-11-20 17:58:49 - [TEST_STEP][PASSED] - setText: Text '5555555555555555' is set on object 'Object Repository/LL -Place Order Page/Credit Card Number Input'

2018-11-20 17:58:49 - [MESSAGE][PASSED] - Text '5555555555555555' is set on object 'Object Repository/LL -Place Order Page/Credit Card Number Input'

2018-11-20 17:58:49 - [TEST_STEP][PASSED] - selectOptionByValue: All options with value '01' are selected in object 'Object Repository/LL -Place Order Page/Expiration Date-Month Select' 

2018-11-20 17:58:49 - [MESSAGE][PASSED] - All options with value '01' are selected in object 'Object Repository/LL -Place Order Page/Expiration Date-Month Select' 

2018-11-20 17:58:49 - [TEST_STEP][PASSED] - selectOptionByValue: All options with value '30' are selected in object 'Object Repository/LL -Place Order Page/Expiration Date-Year Select' 

2018-11-20 17:58:50 - [MESSAGE][PASSED] - All options with value '30' are selected in object 'Object Repository/LL -Place Order Page/Expiration Date-Year Select' 

2018-11-20 17:58:50 - [TEST_STEP][PASSED] - setText: Text '1234' is set on object 'Object Repository/LL -Place Order Page/Security Code Input'

2018-11-20 17:58:50 - [MESSAGE][PASSED] - Text '1234' is set on object 'Object Repository/LL -Place Order Page/Security Code Input'

2018-11-20 17:58:50 - [TEST_STEP][PASSED] - click: Object: 'Object Repository/LL -Place Order Page/Process Order Button' is clicked on

2018-11-20 17:58:52 - [MESSAGE][PASSED] - Object: 'Object Repository/LL -Place Order Page/Process Order Button' is clicked on

2018-11-20 17:58:52 - [TEST_STEP][PASSED] - verifyTextPresent: Text 'Place Order 'SUCCESS'' is present on page 

2018-11-20 17:58:53 - [MESSAGE][PASSED] - Text 'Place Order 'SUCCESS'' is present on page 

2018-11-20 17:58:53 - [TEST_STEP][PASSED] - click: Object: 'Object Repository/LL -Place Order Page/Order ID Link' is clicked on

2018-11-20 17:58:55 - [MESSAGE][PASSED] - Object: 'Object Repository/LL -Place Order Page/Order ID Link' is clicked on

2018-11-20 17:58:55 - [TEST_STEP][PASSED] - waitForPageLoad: Wait for page load successfully

2018-11-20 17:58:55 - [MESSAGE][PASSED] - Wait for page load successfully

2018-11-20 17:58:55 - [TEST_STEP][PASSED] - verifyTextPresent: Text 'matt@7.4Test.com' is present on page 

2018-11-20 17:58:56 - [MESSAGE][PASSED] - Text 'matt@7.4Test.com' is present on page 

2018-11-20 17:58:56 - [TEST_STEP][PASSED] - verifyTextPresent: Text 'By Lime Light CRM API - Product 207 was purchased using offer 396, billing model 240. ' is present on page 

2018-11-20 17:58:57 - [MESSAGE][PASSED] - Text 'By Lime Light CRM API - Product 207 was purchased using offer 396, billing model 240. ' is present on page]]></system-out>
         <system-err><![CDATA[]]></system-err>
      </testcase>
      <system-out><![CDATA[2018-11-20 17:55:35 - [TEST_SUITE][FAILED] - Offer Tests: Test Cases/Offer ID 394 - Regression-StandardExpires-Trial FAILED because (of) (Stack trace: com.kms.katalon.core.exception.StepFailedException: Unable to select option by value '207' of object 'Object Repository/LL -Place Order Page/Trial Product Select'  (Root cause: org.openqa.selenium.StaleElementReferenceException: stale element reference: element is not attached to the page document
  (Session info: chrome=70.0.3538.102)
  (Driver info: chromedriver=2.43.600210 (68dcf5eebde37173d4027fa8635e332711d2874a),platform=Windows NT 10.0.17134 x86_64) (WARNING: The server did not provide any stacktrace information)
Command duration or timeout: 0 milliseconds
For documentation on this error, please visit: http://seleniumhq.org/exceptions/stale_element_reference.html
Build info: version: '3.7.1', revision: '8a0099a', time: '2017-11-06T21:07:36.161Z'
System info: host: 'LAPTOP-9VMM7G2Q', ip: '192.168.132.61', os.name: 'Windows 10', os.arch: 'amd64', os.version: '10.0', java.version: '1.8.0_181'
Driver info: com.kms.katalon.selenium.driver.CChromeDriver
Capabilities {acceptInsecureCerts: false, acceptSslCerts: false, applicationCacheEnabled: false, browserConnectionEnabled: false, browserName: chrome, chrome: {chromedriverVersion: 2.43.600210 (68dcf5eebde371..., userDataDir: C:\Users\MATTMA~1\AppData\L...}, cssSelectorsEnabled: true, databaseEnabled: false, goog:chromeOptions: {debuggerAddress: localhost:58349}, handlesAlerts: true, hasTouchScreen: false, javascriptEnabled: true, locationContextEnabled: true, mobileEmulationEnabled: false, nativeEvents: true, networkConnectionEnabled: false, pageLoadStrategy: normal, platform: XP, platformName: XP, rotatable: false, setWindowRect: true, takesHeapSnapshot: true, takesScreenshot: true, unexpectedAlertBehaviour: , unhandledPromptBehavior: , version: 70.0.3538.102, webStorageEnabled: true}
Session ID: 3ede58f748b191fabc615e374ca893a4)
	at com.kms.katalon.core.keyword.internal.KeywordMain.stepFailed(KeywordMain.groovy:36)
	at com.kms.katalon.core.webui.keyword.internal.WebUIKeywordMain.stepFailed(WebUIKeywordMain.groovy:65)
	at com.kms.katalon.core.webui.keyword.internal.WebUIKeywordMain.runKeyword(WebUIKeywordMain.groovy:27)
	at com.kms.katalon.core.webui.keyword.builtin.SelectOptionByValueKeyword.selectOptionByValue(SelectOptionByValueKeyword.groovy:99)
	at com.kms.katalon.core.webui.keyword.builtin.SelectOptionByValueKeyword.execute(SelectOptionByValueKeyword.groovy:71)
	at com.kms.katalon.core.keyword.internal.KeywordExecutor.executeKeywordForPlatform(KeywordExecutor.groovy:53)
	at com.kms.katalon.core.webui.keyword.WebUiBuiltInKeywords.selectOptionByValue(WebUiBuiltInKeywords.groovy:1138)
	at com.kms.katalon.core.webui.keyword.WebUiBuiltInKeywords$selectOptionByValue$4.call(Unknown Source)
	at org.codehaus.groovy.runtime.callsite.CallSiteArray.defaultCall(CallSiteArray.java:48)
	at org.codehaus.groovy.runtime.callsite.AbstractCallSite.call(AbstractCallSite.java:113)
	at org.codehaus.groovy.runtime.callsite.AbstractCallSite.call(AbstractCallSite.java:141)
	at Script1542752711245.run(Script1542752711245.groovy:43)
	at com.kms.katalon.core.main.ScriptEngine.run(ScriptEngine.java:183)
	at com.kms.katalon.core.main.ScriptEngine.runScriptAsRawText(ScriptEngine.java:108)
	at com.kms.katalon.core.main.TestCaseExecutor.runScript(TestCaseExecutor.java:294)
	at com.kms.katalon.core.main.TestCaseExecutor.doExecute(TestCaseExecutor.java:285)
	at com.kms.katalon.core.main.TestCaseExecutor.processExecutionPhase(TestCaseExecutor.java:264)
	at com.kms.katalon.core.main.TestCaseExecutor.accessMainPhase(TestCaseExecutor.java:256)
	at com.kms.katalon.core.main.TestCaseExecutor.execute(TestCaseExecutor.java:200)
	at com.kms.katalon.core.main.TestSuiteExecutor.accessTestCaseMainPhase(TestSuiteExecutor.java:129)
	at com.kms.katalon.core.main.TestSuiteExecutor.accessTestSuiteMainPhase(TestSuiteExecutor.java:112)
	at com.kms.katalon.core.main.TestSuiteExecutor.execute(TestSuiteExecutor.java:81)
	at com.kms.katalon.core.main.TestCaseMain.startTestSuite(TestCaseMain.java:142)
	at com.kms.katalon.core.main.TestCaseMain$startTestSuite$0.call(Unknown Source)
	at org.codehaus.groovy.runtime.callsite.CallSiteArray.defaultCall(CallSiteArray.java:48)
	at org.codehaus.groovy.runtime.callsite.AbstractCallSite.call(AbstractCallSite.java:113)
	at org.codehaus.groovy.runtime.callsite.AbstractCallSite.call(AbstractCallSite.java:141)
	at TempTestSuite1542754531622.run(TempTestSuite1542754531622.groovy:36)
	at groovy.lang.GroovyShell.runScriptOrMainOrTestOrRunnable(GroovyShell.java:263)
	at groovy.lang.GroovyShell.run(GroovyShell.java:518)
	at groovy.lang.GroovyShell.run(GroovyShell.java:507)
	at groovy.ui.GroovyMain.processOnce(GroovyMain.java:653)
	at groovy.ui.GroovyMain.run(GroovyMain.java:384)
	at groovy.ui.GroovyMain.process(GroovyMain.java:370)
	at groovy.ui.GroovyMain.processArgs(GroovyMain.java:129)
	at groovy.ui.GroovyMain.main(GroovyMain.java:109)
	at sun.reflect.NativeMethodAccessorImpl.invoke0(Native Method)
	at sun.reflect.NativeMethodAccessorImpl.invoke(NativeMethodAccessorImpl.java:62)
	at sun.reflect.DelegatingMethodAccessorImpl.invoke(DelegatingMethodAccessorImpl.java:43)
	at java.lang.reflect.Method.invoke(Method.java:498)
	at org.codehaus.groovy.tools.GroovyStarter.rootLoader(GroovyStarter.java:109)
	at org.codehaus.groovy.tools.GroovyStarter.main(GroovyStarter.java:131)
)]]></system-out>
      <system-err><![CDATA[2018-11-20 17:55:35 - [TEST_SUITE][FAILED] - Offer Tests: Test Cases/Offer ID 394 - Regression-StandardExpires-Trial FAILED because (of) (Stack trace: com.kms.katalon.core.exception.StepFailedException: Unable to select option by value '207' of object 'Object Repository/LL -Place Order Page/Trial Product Select'  (Root cause: org.openqa.selenium.StaleElementReferenceException: stale element reference: element is not attached to the page document
  (Session info: chrome=70.0.3538.102)
  (Driver info: chromedriver=2.43.600210 (68dcf5eebde37173d4027fa8635e332711d2874a),platform=Windows NT 10.0.17134 x86_64) (WARNING: The server did not provide any stacktrace information)
Command duration or timeout: 0 milliseconds
For documentation on this error, please visit: http://seleniumhq.org/exceptions/stale_element_reference.html
Build info: version: '3.7.1', revision: '8a0099a', time: '2017-11-06T21:07:36.161Z'
System info: host: 'LAPTOP-9VMM7G2Q', ip: '192.168.132.61', os.name: 'Windows 10', os.arch: 'amd64', os.version: '10.0', java.version: '1.8.0_181'
Driver info: com.kms.katalon.selenium.driver.CChromeDriver
Capabilities {acceptInsecureCerts: false, acceptSslCerts: false, applicationCacheEnabled: false, browserConnectionEnabled: false, browserName: chrome, chrome: {chromedriverVersion: 2.43.600210 (68dcf5eebde371..., userDataDir: C:\Users\MATTMA~1\AppData\L...}, cssSelectorsEnabled: true, databaseEnabled: false, goog:chromeOptions: {debuggerAddress: localhost:58349}, handlesAlerts: true, hasTouchScreen: false, javascriptEnabled: true, locationContextEnabled: true, mobileEmulationEnabled: false, nativeEvents: true, networkConnectionEnabled: false, pageLoadStrategy: normal, platform: XP, platformName: XP, rotatable: false, setWindowRect: true, takesHeapSnapshot: true, takesScreenshot: true, unexpectedAlertBehaviour: , unhandledPromptBehavior: , version: 70.0.3538.102, webStorageEnabled: true}
Session ID: 3ede58f748b191fabc615e374ca893a4)
	at com.kms.katalon.core.keyword.internal.KeywordMain.stepFailed(KeywordMain.groovy:36)
	at com.kms.katalon.core.webui.keyword.internal.WebUIKeywordMain.stepFailed(WebUIKeywordMain.groovy:65)
	at com.kms.katalon.core.webui.keyword.internal.WebUIKeywordMain.runKeyword(WebUIKeywordMain.groovy:27)
	at com.kms.katalon.core.webui.keyword.builtin.SelectOptionByValueKeyword.selectOptionByValue(SelectOptionByValueKeyword.groovy:99)
	at com.kms.katalon.core.webui.keyword.builtin.SelectOptionByValueKeyword.execute(SelectOptionByValueKeyword.groovy:71)
	at com.kms.katalon.core.keyword.internal.KeywordExecutor.executeKeywordForPlatform(KeywordExecutor.groovy:53)
	at com.kms.katalon.core.webui.keyword.WebUiBuiltInKeywords.selectOptionByValue(WebUiBuiltInKeywords.groovy:1138)
	at com.kms.katalon.core.webui.keyword.WebUiBuiltInKeywords$selectOptionByValue$4.call(Unknown Source)
	at org.codehaus.groovy.runtime.callsite.CallSiteArray.defaultCall(CallSiteArray.java:48)
	at org.codehaus.groovy.runtime.callsite.AbstractCallSite.call(AbstractCallSite.java:113)
	at org.codehaus.groovy.runtime.callsite.AbstractCallSite.call(AbstractCallSite.java:141)
	at Script1542752711245.run(Script1542752711245.groovy:43)
	at com.kms.katalon.core.main.ScriptEngine.run(ScriptEngine.java:183)
	at com.kms.katalon.core.main.ScriptEngine.runScriptAsRawText(ScriptEngine.java:108)
	at com.kms.katalon.core.main.TestCaseExecutor.runScript(TestCaseExecutor.java:294)
	at com.kms.katalon.core.main.TestCaseExecutor.doExecute(TestCaseExecutor.java:285)
	at com.kms.katalon.core.main.TestCaseExecutor.processExecutionPhase(TestCaseExecutor.java:264)
	at com.kms.katalon.core.main.TestCaseExecutor.accessMainPhase(TestCaseExecutor.java:256)
	at com.kms.katalon.core.main.TestCaseExecutor.execute(TestCaseExecutor.java:200)
	at com.kms.katalon.core.main.TestSuiteExecutor.accessTestCaseMainPhase(TestSuiteExecutor.java:129)
	at com.kms.katalon.core.main.TestSuiteExecutor.accessTestSuiteMainPhase(TestSuiteExecutor.java:112)
	at com.kms.katalon.core.main.TestSuiteExecutor.execute(TestSuiteExecutor.java:81)
	at com.kms.katalon.core.main.TestCaseMain.startTestSuite(TestCaseMain.java:142)
	at com.kms.katalon.core.main.TestCaseMain$startTestSuite$0.call(Unknown Source)
	at org.codehaus.groovy.runtime.callsite.CallSiteArray.defaultCall(CallSiteArray.java:48)
	at org.codehaus.groovy.runtime.callsite.AbstractCallSite.call(AbstractCallSite.java:113)
	at org.codehaus.groovy.runtime.callsite.AbstractCallSite.call(AbstractCallSite.java:141)
	at TempTestSuite1542754531622.run(TempTestSuite1542754531622.groovy:36)
	at groovy.lang.GroovyShell.runScriptOrMainOrTestOrRunnable(GroovyShell.java:263)
	at groovy.lang.GroovyShell.run(GroovyShell.java:518)
	at groovy.lang.GroovyShell.run(GroovyShell.java:507)
	at groovy.ui.GroovyMain.processOnce(GroovyMain.java:653)
	at groovy.ui.GroovyMain.run(GroovyMain.java:384)
	at groovy.ui.GroovyMain.process(GroovyMain.java:370)
	at groovy.ui.GroovyMain.processArgs(GroovyMain.java:129)
	at groovy.ui.GroovyMain.main(GroovyMain.java:109)
	at sun.reflect.NativeMethodAccessorImpl.invoke0(Native Method)
	at sun.reflect.NativeMethodAccessorImpl.invoke(NativeMethodAccessorImpl.java:62)
	at sun.reflect.DelegatingMethodAccessorImpl.invoke(DelegatingMethodAccessorImpl.java:43)
	at java.lang.reflect.Method.invoke(Method.java:498)
	at org.codehaus.groovy.tools.GroovyStarter.rootLoader(GroovyStarter.java:109)
	at org.codehaus.groovy.tools.GroovyStarter.main(GroovyStarter.java:131)
)]]></system-err>
   </testsuite>
</testsuites>
